{"/home/travis/build/npmtest/node-npmtest-pushbullet/test.js":{"path":"/home/travis/build/npmtest/node-npmtest-pushbullet/test.js","s":{"1":2,"2":2,"3":2,"4":2,"5":2,"6":2,"7":2,"8":1,"9":2,"10":2,"11":1,"12":1,"13":1,"14":1,"15":2,"16":2,"17":2,"18":2,"19":1,"20":1,"21":2,"22":2,"23":2,"24":1,"25":1,"26":1,"27":1,"28":1,"29":1,"30":1,"31":1,"32":1,"33":1,"34":1,"35":1,"36":1,"37":1,"38":1,"39":2,"40":2,"41":1,"42":2,"43":2,"44":1,"45":2,"46":2,"47":1,"48":2,"49":2,"50":1,"51":1,"52":1,"53":1,"54":1},"b":{"1":[2,1,1,1],"2":[1,1,1,1],"3":[1,1],"4":[1,1],"5":[1,1],"6":[1,1],"7":[1,1],"8":[1,1],"9":[1,1],"10":[1,1,1],"11":[1,1],"12":[1,1],"13":[1,1],"14":[1,1],"15":[1,1],"16":[1,1],"17":[1,1]},"f":{"1":2,"2":2,"3":2,"4":2,"5":2,"6":1,"7":1,"8":1,"9":2,"10":2,"11":2,"12":2,"13":1},"fnMap":{"1":{"name":"(anonymous_1)","line":12,"loc":{"start":{"line":12,"column":1},"end":{"line":12,"column":13}}},"2":{"name":"(anonymous_2)","line":19,"loc":{"start":{"line":19,"column":5},"end":{"line":19,"column":17}}},"3":{"name":"(anonymous_3)","line":23,"loc":{"start":{"line":23,"column":24},"end":{"line":23,"column":36}}},"4":{"name":"(anonymous_4)","line":61,"loc":{"start":{"line":61,"column":5},"end":{"line":61,"column":17}}},"5":{"name":"(anonymous_5)","line":82,"loc":{"start":{"line":82,"column":5},"end":{"line":82,"column":17}}},"6":{"name":"(anonymous_6)","line":91,"loc":{"start":{"line":91,"column":77},"end":{"line":94,"column":10}}},"7":{"name":"(anonymous_7)","line":112,"loc":{"start":{"line":112,"column":83},"end":{"line":115,"column":10}},"skip":true},"8":{"name":"(anonymous_8)","line":123,"loc":{"start":{"line":123,"column":77},"end":{"line":126,"column":10}},"skip":true},"9":{"name":"(anonymous_9)","line":139,"loc":{"start":{"line":139,"column":12},"end":{"line":139,"column":40}},"skip":true},"10":{"name":"(anonymous_10)","line":147,"loc":{"start":{"line":147,"column":77},"end":{"line":150,"column":10}},"skip":true},"11":{"name":"(anonymous_11)","line":158,"loc":{"start":{"line":158,"column":83},"end":{"line":161,"column":10}},"skip":true},"12":{"name":"(anonymous_12)","line":169,"loc":{"start":{"line":169,"column":79},"end":{"line":172,"column":10}},"skip":true},"13":{"name":"(anonymous_13)","line":180,"loc":{"start":{"line":180,"column":75},"end":{"line":183,"column":10}},"skip":true}},"statementMap":{"1":{"start":{"line":12,"column":0},"end":{"line":195,"column":5}},"2":{"start":{"line":14,"column":4},"end":{"line":14,"column":14}},"3":{"start":{"line":19,"column":4},"end":{"line":56,"column":9}},"4":{"start":{"line":21,"column":8},"end":{"line":21,"column":19}},"5":{"start":{"line":23,"column":8},"end":{"line":35,"column":13}},"6":{"start":{"line":24,"column":12},"end":{"line":34,"column":13}},"7":{"start":{"line":25,"column":16},"end":{"line":28,"column":30}},"8":{"start":{"line":30,"column":16},"end":{"line":33,"column":27}},"9":{"start":{"line":37,"column":8},"end":{"line":39,"column":21}},"10":{"start":{"line":40,"column":8},"end":{"line":53,"column":9}},"11":{"start":{"line":43,"column":12},"end":{"line":46,"column":14}},"12":{"start":{"line":47,"column":12},"end":{"line":47,"column":18}},"13":{"start":{"line":50,"column":12},"end":{"line":51,"column":46}},"14":{"start":{"line":52,"column":12},"end":{"line":52,"column":18}},"15":{"start":{"line":55,"column":8},"end":{"line":55,"column":35}},"16":{"start":{"line":61,"column":4},"end":{"line":63,"column":9}},"17":{"start":{"line":62,"column":8},"end":{"line":62,"column":15}},"18":{"start":{"line":64,"column":4},"end":{"line":77,"column":5}},"19":{"start":{"line":70,"column":8},"end":{"line":70,"column":14}},"20":{"start":{"line":76,"column":8},"end":{"line":76,"column":14}},"21":{"start":{"line":82,"column":4},"end":{"line":84,"column":9}},"22":{"start":{"line":83,"column":8},"end":{"line":83,"column":15}},"23":{"start":{"line":85,"column":4},"end":{"line":194,"column":5}},"24":{"start":{"line":91,"column":8},"end":{"line":99,"column":10}},"25":{"start":{"line":98,"column":12},"end":{"line":98,"column":35}},"26":{"start":{"line":102,"column":8},"end":{"line":104,"column":63}},"27":{"start":{"line":105,"column":8},"end":{"line":105,"column":14}},"28":{"start":{"line":112,"column":8},"end":{"line":121,"column":10},"skip":true},"29":{"start":{"line":119,"column":12},"end":{"line":119,"column":55},"skip":true},"30":{"start":{"line":120,"column":12},"end":{"line":120,"column":48},"skip":true},"31":{"start":{"line":123,"column":8},"end":{"line":136,"column":10},"skip":true},"32":{"start":{"line":130,"column":12},"end":{"line":130,"column":76},"skip":true},"33":{"start":{"line":131,"column":12},"end":{"line":131,"column":73},"skip":true},"34":{"start":{"line":132,"column":12},"end":{"line":132,"column":74},"skip":true},"35":{"start":{"line":133,"column":12},"end":{"line":133,"column":79},"skip":true},"36":{"start":{"line":134,"column":12},"end":{"line":134,"column":25},"skip":true},"37":{"start":{"line":135,"column":12},"end":{"line":135,"column":45},"skip":true},"38":{"start":{"line":138,"column":8},"end":{"line":145,"column":14},"skip":true},"39":{"start":{"line":143,"column":16},"end":{"line":143,"column":29},"skip":true},"40":{"start":{"line":144,"column":16},"end":{"line":144,"column":55},"skip":true},"41":{"start":{"line":147,"column":8},"end":{"line":156,"column":10},"skip":true},"42":{"start":{"line":154,"column":12},"end":{"line":154,"column":25},"skip":true},"43":{"start":{"line":155,"column":12},"end":{"line":155,"column":45},"skip":true},"44":{"start":{"line":158,"column":8},"end":{"line":167,"column":10},"skip":true},"45":{"start":{"line":165,"column":12},"end":{"line":165,"column":25},"skip":true},"46":{"start":{"line":166,"column":12},"end":{"line":166,"column":48},"skip":true},"47":{"start":{"line":169,"column":8},"end":{"line":178,"column":10},"skip":true},"48":{"start":{"line":176,"column":12},"end":{"line":176,"column":25},"skip":true},"49":{"start":{"line":177,"column":12},"end":{"line":177,"column":46},"skip":true},"50":{"start":{"line":180,"column":8},"end":{"line":189,"column":10},"skip":true},"51":{"start":{"line":187,"column":12},"end":{"line":187,"column":94},"skip":true},"52":{"start":{"line":188,"column":12},"end":{"line":188,"column":48},"skip":true},"53":{"start":{"line":192,"column":8},"end":{"line":192,"column":35},"skip":true},"54":{"start":{"line":193,"column":8},"end":{"line":193,"column":14},"skip":true}},"branchMap":{"1":{"line":25,"type":"binary-expr","locations":[{"start":{"line":25,"column":23},"end":{"line":25,"column":62}},{"start":{"line":26,"column":20},"end":{"line":26,"column":70}},{"start":{"line":27,"column":20},"end":{"line":27,"column":71}},{"start":{"line":28,"column":20},"end":{"line":28,"column":29}}]},"2":{"line":30,"type":"binary-expr","locations":[{"start":{"line":30,"column":23},"end":{"line":30,"column":37}},{"start":{"line":31,"column":20},"end":{"line":31,"column":61}},{"start":{"line":32,"column":20},"end":{"line":32,"column":70}},{"start":{"line":33,"column":20},"end":{"line":33,"column":26}}]},"3":{"line":37,"type":"cond-expr","locations":[{"start":{"line":38,"column":14},"end":{"line":38,"column":20}},{"start":{"line":39,"column":14},"end":{"line":39,"column":20}}]},"4":{"line":40,"type":"switch","locations":[{"start":{"line":42,"column":8},"end":{"line":47,"column":18}},{"start":{"line":49,"column":8},"end":{"line":52,"column":18}}]},"5":{"line":44,"type":"binary-expr","locations":[{"start":{"line":44,"column":16},"end":{"line":44,"column":44}},{"start":{"line":44,"column":48},"end":{"line":44,"column":66}}]},"6":{"line":50,"type":"binary-expr","locations":[{"start":{"line":50,"column":21},"end":{"line":50,"column":49}},{"start":{"line":50,"column":53},"end":{"line":50,"column":72}}]},"7":{"line":64,"type":"switch","locations":[{"start":{"line":69,"column":4},"end":{"line":70,"column":14}},{"start":{"line":75,"column":4},"end":{"line":76,"column":14}}]},"8":{"line":85,"type":"switch","locations":[{"start":{"line":90,"column":4},"end":{"line":105,"column":14}},{"start":{"line":111,"column":4},"end":{"line":193,"column":14},"skip":true}]},"9":{"line":91,"type":"binary-expr","locations":[{"start":{"line":91,"column":42},"end":{"line":91,"column":73}},{"start":{"line":91,"column":77},"end":{"line":99,"column":9}}]},"10":{"line":102,"type":"binary-expr","locations":[{"start":{"line":102,"column":18},"end":{"line":102,"column":32}},{"start":{"line":103,"column":12},"end":{"line":103,"column":53}},{"start":{"line":104,"column":12},"end":{"line":104,"column":61}}]},"11":{"line":112,"type":"binary-expr","locations":[{"start":{"line":112,"column":45},"end":{"line":112,"column":79},"skip":true},{"start":{"line":112,"column":83},"end":{"line":121,"column":9},"skip":true}]},"12":{"line":123,"type":"binary-expr","locations":[{"start":{"line":123,"column":42},"end":{"line":123,"column":73},"skip":true},{"start":{"line":123,"column":77},"end":{"line":136,"column":9},"skip":true}]},"13":{"line":138,"type":"binary-expr","locations":[{"start":{"line":138,"column":48},"end":{"line":138,"column":85},"skip":true},{"start":{"line":139,"column":12},"end":{"line":145,"column":13},"skip":true}]},"14":{"line":147,"type":"binary-expr","locations":[{"start":{"line":147,"column":42},"end":{"line":147,"column":73},"skip":true},{"start":{"line":147,"column":77},"end":{"line":156,"column":9},"skip":true}]},"15":{"line":158,"type":"binary-expr","locations":[{"start":{"line":158,"column":45},"end":{"line":158,"column":79},"skip":true},{"start":{"line":158,"column":83},"end":{"line":167,"column":9},"skip":true}]},"16":{"line":169,"type":"binary-expr","locations":[{"start":{"line":169,"column":43},"end":{"line":169,"column":75},"skip":true},{"start":{"line":169,"column":79},"end":{"line":178,"column":9},"skip":true}]},"17":{"line":180,"type":"binary-expr","locations":[{"start":{"line":180,"column":41},"end":{"line":180,"column":71},"skip":true},{"start":{"line":180,"column":75},"end":{"line":189,"column":9},"skip":true}]}},"code":["/* istanbul instrument in package npmtest_pushbullet */","/*jslint","    bitwise: true,","    browser: true,","    maxerr: 8,","    maxlen: 96,","    node: true,","    nomen: true,","    regexp: true,","    stupid: true","*/","(function () {","    'use strict';","    var local;","","","","    // run shared js-env code - pre-init","    (function () {","        // init local","        local = {};","        // init modeJs","        local.modeJs = (function () {","            try {","                return typeof navigator.userAgent === 'string' &&","                    typeof document.querySelector('body') === 'object' &&","                    typeof XMLHttpRequest.prototype.open === 'function' &&","                    'browser';","            } catch (errorCaughtBrowser) {","                return module.exports &&","                    typeof process.versions.node === 'string' &&","                    typeof require('http').createServer === 'function' &&","                    'node';","            }","        }());","        // init global","        local.global = local.modeJs === 'browser'","            ? window","            : global;","        switch (local.modeJs) {","        // re-init local from window.local","        case 'browser':","            local = local.global.utility2.objectSetDefault(","                local.global.utility2_rollup || local.global.local,","                local.global.utility2","            );","            break;","        // re-init local from example.js","        case 'node':","            local = (local.global.utility2_rollup || require('utility2'))","                .requireExampleJsFromReadme();","            break;","        }","        // export local","        local.global.local = local;","    }());","","","","    // run shared js-env code - function","    (function () {","        return;","    }());","    switch (local.modeJs) {","","","","    // run browser js-env code - function","    case 'browser':","        break;","","","","    // run node js-env code - function","    case 'node':","        break;","    }","","","","    // run shared js-env code - post-init","    (function () {","        return;","    }());","    switch (local.modeJs) {","","","","    // run browser js-env code - post-init","    case 'browser':","        local.testCase_browser_nullCase = local.testCase_browser_nullCase || function (","            options,","            onError","        ) {","        /*","         * this function will test browsers's null-case handling-behavior-behavior","         */","            onError(null, options);","        };","","        // run tests","        local.nop(local.modeTest &&","            document.querySelector('#testRunButton1') &&","            document.querySelector('#testRunButton1').click());","        break;","","","","    // run node js-env code - post-init","    /* istanbul ignore next */","    case 'node':","        local.testCase_buildApidoc_default = local.testCase_buildApidoc_default || function (","            options,","            onError","        ) {","        /*","         * this function will test buildApidoc's default handling-behavior-behavior","         */","            options = { modulePathList: module.paths };","            local.buildApidoc(options, onError);","        };","","        local.testCase_buildApp_default = local.testCase_buildApp_default || function (","            options,","            onError","        ) {","        /*","         * this function will test buildApp's default handling-behavior-behavior","         */","            local.testCase_buildReadme_default(options, local.onErrorThrow);","            local.testCase_buildLib_default(options, local.onErrorThrow);","            local.testCase_buildTest_default(options, local.onErrorThrow);","            local.testCase_buildCustomOrg_default(options, local.onErrorThrow);","            options = [];","            local.buildApp(options, onError);","        };","","        local.testCase_buildCustomOrg_default = local.testCase_buildCustomOrg_default ||","            function (options, onError) {","            /*","             * this function will test buildCustomOrg's default handling-behavior","             */","                options = {};","                local.buildCustomOrg(options, onError);","            };","","        local.testCase_buildLib_default = local.testCase_buildLib_default || function (","            options,","            onError","        ) {","        /*","         * this function will test buildLib's default handling-behavior","         */","            options = {};","            local.buildLib(options, onError);","        };","","        local.testCase_buildReadme_default = local.testCase_buildReadme_default || function (","            options,","            onError","        ) {","        /*","         * this function will test buildReadme's default handling-behavior-behavior","         */","            options = {};","            local.buildReadme(options, onError);","        };","","        local.testCase_buildTest_default = local.testCase_buildTest_default || function (","            options,","            onError","        ) {","        /*","         * this function will test buildTest's default handling-behavior","         */","            options = {};","            local.buildTest(options, onError);","        };","","        local.testCase_webpage_default = local.testCase_webpage_default || function (","            options,","            onError","        ) {","        /*","         * this function will test webpage's default handling-behavior","         */","            options = { modeCoverageMerge: true, url: local.serverLocalHost + '?modeTest=1' };","            local.browserTest(options, onError);","        };","","        // run test-server","        local.testRunServer(local);","        break;","    }","}());",""],"l":{"12":2,"14":2,"19":2,"21":2,"23":2,"24":2,"25":2,"30":1,"37":2,"40":2,"43":1,"47":1,"50":1,"52":1,"55":2,"61":2,"62":2,"64":2,"70":1,"76":1,"82":2,"83":2,"85":2,"91":1,"98":1,"102":1,"105":1,"112":1,"119":1,"120":1,"123":1,"130":1,"131":1,"132":1,"133":1,"134":1,"135":1,"138":1,"143":2,"144":2,"147":1,"154":2,"155":2,"158":1,"165":2,"166":2,"169":1,"176":2,"177":2,"180":1,"187":1,"188":1,"192":1,"193":1}},"/home/travis/build/npmtest/node-npmtest-pushbullet/lib.npmtest_pushbullet.js":{"path":"/home/travis/build/npmtest/node-npmtest-pushbullet/lib.npmtest_pushbullet.js","s":{"1":2,"2":2,"3":2,"4":2,"5":2,"6":2,"7":2,"8":1,"9":2,"10":2,"11":2,"12":2,"13":1,"14":1,"15":1,"16":1},"b":{"1":[2,1,1,1],"2":[1,1,1,1],"3":[1,1],"4":[2,2],"5":[1,1]},"f":{"1":2,"2":2,"3":2},"fnMap":{"1":{"name":"(anonymous_1)","line":12,"loc":{"start":{"line":12,"column":1},"end":{"line":12,"column":13}}},"2":{"name":"(anonymous_2)","line":19,"loc":{"start":{"line":19,"column":5},"end":{"line":19,"column":17}}},"3":{"name":"(anonymous_3)","line":23,"loc":{"start":{"line":23,"column":24},"end":{"line":23,"column":36}}}},"statementMap":{"1":{"start":{"line":12,"column":0},"end":{"line":53,"column":5}},"2":{"start":{"line":14,"column":4},"end":{"line":14,"column":14}},"3":{"start":{"line":19,"column":4},"end":{"line":52,"column":9}},"4":{"start":{"line":21,"column":8},"end":{"line":21,"column":19}},"5":{"start":{"line":23,"column":8},"end":{"line":35,"column":13}},"6":{"start":{"line":24,"column":12},"end":{"line":34,"column":13}},"7":{"start":{"line":25,"column":16},"end":{"line":28,"column":30}},"8":{"start":{"line":30,"column":16},"end":{"line":33,"column":27}},"9":{"start":{"line":37,"column":8},"end":{"line":39,"column":21}},"10":{"start":{"line":41,"column":8},"end":{"line":41,"column":54}},"11":{"start":{"line":43,"column":8},"end":{"line":43,"column":55}},"12":{"start":{"line":45,"column":8},"end":{"line":51,"column":9}},"13":{"start":{"line":46,"column":12},"end":{"line":46,"column":61}},"14":{"start":{"line":48,"column":12},"end":{"line":48,"column":35}},"15":{"start":{"line":49,"column":12},"end":{"line":49,"column":49}},"16":{"start":{"line":50,"column":12},"end":{"line":50,"column":43}}},"branchMap":{"1":{"line":25,"type":"binary-expr","locations":[{"start":{"line":25,"column":23},"end":{"line":25,"column":62}},{"start":{"line":26,"column":20},"end":{"line":26,"column":70}},{"start":{"line":27,"column":20},"end":{"line":27,"column":71}},{"start":{"line":28,"column":20},"end":{"line":28,"column":29}}]},"2":{"line":30,"type":"binary-expr","locations":[{"start":{"line":30,"column":23},"end":{"line":30,"column":37}},{"start":{"line":31,"column":20},"end":{"line":31,"column":61}},{"start":{"line":32,"column":20},"end":{"line":32,"column":70}},{"start":{"line":33,"column":20},"end":{"line":33,"column":26}}]},"3":{"line":37,"type":"cond-expr","locations":[{"start":{"line":38,"column":14},"end":{"line":38,"column":20}},{"start":{"line":39,"column":14},"end":{"line":39,"column":20}}]},"4":{"line":41,"type":"binary-expr","locations":[{"start":{"line":41,"column":16},"end":{"line":41,"column":44}},{"start":{"line":41,"column":48},"end":{"line":41,"column":53}}]},"5":{"line":45,"type":"if","locations":[{"start":{"line":45,"column":8},"end":{"line":45,"column":8}},{"start":{"line":45,"column":8},"end":{"line":45,"column":8}}]}},"code":["/* istanbul instrument in package npmtest_pushbullet */","/*jslint","    bitwise: true,","    browser: true,","    maxerr: 8,","    maxlen: 96,","    node: true,","    nomen: true,","    regexp: true,","    stupid: true","*/","(function () {","    'use strict';","    var local;","","","","    // run shared js-env code - pre-init","    (function () {","        // init local","        local = {};","        // init modeJs","        local.modeJs = (function () {","            try {","                return typeof navigator.userAgent === 'string' &&","                    typeof document.querySelector('body') === 'object' &&","                    typeof XMLHttpRequest.prototype.open === 'function' &&","                    'browser';","            } catch (errorCaughtBrowser) {","                return module.exports &&","                    typeof process.versions.node === 'string' &&","                    typeof require('http').createServer === 'function' &&","                    'node';","            }","        }());","        // init global","        local.global = local.modeJs === 'browser'","            ? window","            : global;","        // init utility2_rollup","        local = local.global.utility2_rollup || local;","        // init lib","        local.local = local.npmtest_pushbullet = local;","        // init exports","        if (local.modeJs === 'browser') {","            local.global.utility2_npmtest_pushbullet = local;","        } else {","            module.exports = local;","            module.exports.__dirname = __dirname;","            module.exports.module = module;","        }","    }());","}());",""],"l":{"12":2,"14":2,"19":2,"21":2,"23":2,"24":2,"25":2,"30":1,"37":2,"41":2,"43":2,"45":2,"46":1,"48":1,"49":1,"50":1}},"/home/travis/build/npmtest/node-npmtest-pushbullet/example.js":{"path":"/home/travis/build/npmtest/node-npmtest-pushbullet/example.js","s":{"1":2,"2":2,"3":2,"4":2,"5":2,"6":2,"7":2,"8":1,"9":2,"10":2,"11":2,"12":2,"13":1,"14":2,"15":2,"16":2,"17":2,"18":2,"19":0,"20":2,"21":1,"22":1,"23":1,"24":1,"25":1,"26":0,"27":0,"28":1,"29":1,"30":2,"31":0,"32":0,"33":0,"34":1,"35":2,"36":2,"37":3,"38":3,"39":3,"40":3,"41":0,"42":3,"43":3,"44":3,"45":1,"46":3,"47":1,"48":1,"49":1,"50":1,"51":1,"52":1,"53":1,"54":1,"55":1,"56":1,"57":0,"58":1,"59":6,"60":6,"61":1,"62":2,"63":0,"64":2,"65":1,"66":1,"67":0,"68":0,"69":0,"70":0,"71":0,"72":0,"73":0,"74":0,"75":0,"76":0,"77":0,"78":0,"79":0,"80":0,"81":0,"82":0,"83":0},"b":{"1":[2,1,1,1],"2":[1,1,1,1],"3":[1,1],"4":[2,2],"5":[1,1],"6":[1,1],"7":[2,0],"8":[2,1,1,1,1,1],"9":[0,2,0],"10":[1,1],"11":[2,1,1],"12":[1,0],"13":[0,2],"14":[2,0,0,0,0,0,0],"15":[0,3],"16":[3,0],"17":[1,1],"18":[0,1],"19":[1,2,0,2],"20":[1,0],"21":[1,1],"22":[0,0],"23":[0,0],"24":[0,0],"25":[0,0],"26":[0,0],"27":[0,0],"28":[0,0]},"f":{"1":2,"2":2,"3":2,"4":2,"5":2,"6":2,"7":3,"8":3,"9":3,"10":1,"11":6,"12":0},"fnMap":{"1":{"name":"(anonymous_1)","line":26,"loc":{"start":{"line":26,"column":1},"end":{"line":26,"column":13}}},"2":{"name":"(anonymous_2)","line":33,"loc":{"start":{"line":33,"column":5},"end":{"line":33,"column":17}}},"3":{"name":"(anonymous_3)","line":37,"loc":{"start":{"line":37,"column":24},"end":{"line":37,"column":36}}},"4":{"name":"(anonymous_4)","line":69,"loc":{"start":{"line":69,"column":31},"end":{"line":69,"column":48}},"skip":true},"5":{"name":"(anonymous_5)","line":78,"loc":{"start":{"line":78,"column":26},"end":{"line":78,"column":45}},"skip":true},"6":{"name":"(anonymous_6)","line":123,"loc":{"start":{"line":123,"column":33},"end":{"line":123,"column":48}},"skip":true},"7":{"name":"(anonymous_7)","line":125,"loc":{"start":{"line":125,"column":27},"end":{"line":125,"column":39}},"skip":true},"8":{"name":"(anonymous_8)","line":133,"loc":{"start":{"line":133,"column":59},"end":{"line":133,"column":74}},"skip":true},"9":{"name":"(anonymous_9)","line":143,"loc":{"start":{"line":143,"column":45},"end":{"line":143,"column":62}},"skip":true},"10":{"name":"(anonymous_10)","line":144,"loc":{"start":{"line":144,"column":73},"end":{"line":144,"column":92}},"skip":true},"11":{"name":"(anonymous_11)","line":272,"loc":{"start":{"line":272,"column":51},"end":{"line":272,"column":77}},"skip":true},"12":{"name":"(anonymous_12)","line":315,"loc":{"start":{"line":315,"column":32},"end":{"line":315,"column":61}},"skip":true}},"statementMap":{"1":{"start":{"line":26,"column":0},"end":{"line":326,"column":5}},"2":{"start":{"line":28,"column":4},"end":{"line":28,"column":14}},"3":{"start":{"line":33,"column":4},"end":{"line":60,"column":9}},"4":{"start":{"line":35,"column":8},"end":{"line":35,"column":19}},"5":{"start":{"line":37,"column":8},"end":{"line":49,"column":13}},"6":{"start":{"line":38,"column":12},"end":{"line":48,"column":13}},"7":{"start":{"line":39,"column":16},"end":{"line":42,"column":30}},"8":{"start":{"line":44,"column":16},"end":{"line":47,"column":27}},"9":{"start":{"line":51,"column":8},"end":{"line":53,"column":21}},"10":{"start":{"line":55,"column":8},"end":{"line":57,"column":45}},"11":{"start":{"line":59,"column":8},"end":{"line":59,"column":35}},"12":{"start":{"line":61,"column":4},"end":{"line":325,"column":5}},"13":{"start":{"line":69,"column":8},"end":{"line":121,"column":10},"skip":true},"14":{"start":{"line":70,"column":12},"end":{"line":88,"column":13},"skip":true},"15":{"start":{"line":76,"column":16},"end":{"line":87,"column":19},"skip":true},"16":{"start":{"line":79,"column":20},"end":{"line":86,"column":21},"skip":true},"17":{"start":{"line":82,"column":24},"end":{"line":82,"column":43},"skip":true},"18":{"start":{"line":83,"column":24},"end":{"line":83,"column":30},"skip":true},"19":{"start":{"line":85,"column":24},"end":{"line":85,"column":49},"skip":true},"20":{"start":{"line":89,"column":12},"end":{"line":107,"column":13},"skip":true},"21":{"start":{"line":92,"column":16},"end":{"line":102,"column":17},"skip":true},"22":{"start":{"line":93,"column":20},"end":{"line":93,"column":86},"skip":true},"23":{"start":{"line":94,"column":20},"end":{"line":95,"column":45},"skip":true},"24":{"start":{"line":96,"column":20},"end":{"line":96,"column":42},"skip":true},"25":{"start":{"line":97,"column":20},"end":{"line":97,"column":48},"skip":true},"26":{"start":{"line":100,"column":20},"end":{"line":100,"column":85},"skip":true},"27":{"start":{"line":101,"column":20},"end":{"line":101,"column":96},"skip":true},"28":{"start":{"line":103,"column":16},"end":{"line":103,"column":22},"skip":true},"29":{"start":{"line":106,"column":16},"end":{"line":106,"column":22},"skip":true},"30":{"start":{"line":108,"column":12},"end":{"line":120,"column":13},"skip":true},"31":{"start":{"line":114,"column":16},"end":{"line":119,"column":17},"skip":true},"32":{"start":{"line":116,"column":20},"end":{"line":116,"column":78},"skip":true},"33":{"start":{"line":118,"column":20},"end":{"line":118,"column":47},"skip":true},"34":{"start":{"line":123,"column":8},"end":{"line":141,"column":11},"skip":true},"35":{"start":{"line":124,"column":12},"end":{"line":124,"column":54},"skip":true},"36":{"start":{"line":125,"column":12},"end":{"line":140,"column":14},"skip":true},"37":{"start":{"line":126,"column":16},"end":{"line":126,"column":28},"skip":true},"38":{"start":{"line":127,"column":16},"end":{"line":127,"column":69},"skip":true},"39":{"start":{"line":128,"column":16},"end":{"line":128,"column":75},"skip":true},"40":{"start":{"line":129,"column":16},"end":{"line":131,"column":17},"skip":true},"41":{"start":{"line":130,"column":20},"end":{"line":130,"column":27},"skip":true},"42":{"start":{"line":133,"column":16},"end":{"line":137,"column":36},"skip":true},"43":{"start":{"line":134,"column":20},"end":{"line":136,"column":55},"skip":true},"44":{"start":{"line":139,"column":16},"end":{"line":139,"column":57},"skip":true},"45":{"start":{"line":143,"column":8},"end":{"line":147,"column":11},"skip":true},"46":{"start":{"line":144,"column":12},"end":{"line":146,"column":15},"skip":true},"47":{"start":{"line":145,"column":16},"end":{"line":145,"column":70},"skip":true},"48":{"start":{"line":149,"column":8},"end":{"line":149,"column":31},"skip":true},"49":{"start":{"line":150,"column":8},"end":{"line":150,"column":14},"skip":true},"50":{"start":{"line":158,"column":8},"end":{"line":158,"column":31},"skip":true},"51":{"start":{"line":160,"column":8},"end":{"line":160,"column":33},"skip":true},"52":{"start":{"line":161,"column":8},"end":{"line":161,"column":37},"skip":true},"53":{"start":{"line":162,"column":8},"end":{"line":162,"column":35},"skip":true},"54":{"start":{"line":164,"column":8},"end":{"line":164,"column":50},"skip":true},"55":{"start":{"line":166,"column":8},"end":{"line":256,"column":2},"skip":true},"56":{"start":{"line":258,"column":8},"end":{"line":286,"column":9},"skip":true},"57":{"start":{"line":259,"column":12},"end":{"line":269,"column":14},"skip":true},"58":{"start":{"line":271,"column":12},"end":{"line":285,"column":19},"skip":true},"59":{"start":{"line":274,"column":20},"end":{"line":274,"column":35},"skip":true},"60":{"start":{"line":275,"column":20},"end":{"line":284,"column":21},"skip":true},"61":{"start":{"line":277,"column":24},"end":{"line":277,"column":64},"skip":true},"62":{"start":{"line":279,"column":24},"end":{"line":279,"column":40},"skip":true},"63":{"start":{"line":281,"column":24},"end":{"line":281,"column":40},"skip":true},"64":{"start":{"line":283,"column":24},"end":{"line":283,"column":39},"skip":true},"65":{"start":{"line":288,"column":8},"end":{"line":290,"column":9},"skip":true},"66":{"start":{"line":289,"column":12},"end":{"line":289,"column":18},"skip":true},"67":{"start":{"line":291,"column":8},"end":{"line":293,"column":54},"skip":true},"68":{"start":{"line":296,"column":8},"end":{"line":301,"column":37},"skip":true},"69":{"start":{"line":303,"column":8},"end":{"line":303,"column":82},"skip":true},"70":{"start":{"line":306,"column":8},"end":{"line":308,"column":9},"skip":true},"71":{"start":{"line":307,"column":12},"end":{"line":307,"column":82},"skip":true},"72":{"start":{"line":310,"column":8},"end":{"line":312,"column":9},"skip":true},"73":{"start":{"line":311,"column":12},"end":{"line":311,"column":18},"skip":true},"74":{"start":{"line":313,"column":8},"end":{"line":313,"column":54},"skip":true},"75":{"start":{"line":314,"column":8},"end":{"line":314,"column":69},"skip":true},"76":{"start":{"line":315,"column":8},"end":{"line":323,"column":36},"skip":true},"77":{"start":{"line":316,"column":12},"end":{"line":316,"column":61},"skip":true},"78":{"start":{"line":317,"column":12},"end":{"line":320,"column":13},"skip":true},"79":{"start":{"line":318,"column":16},"end":{"line":318,"column":75},"skip":true},"80":{"start":{"line":319,"column":16},"end":{"line":319,"column":23},"skip":true},"81":{"start":{"line":321,"column":12},"end":{"line":321,"column":38},"skip":true},"82":{"start":{"line":322,"column":12},"end":{"line":322,"column":27},"skip":true},"83":{"start":{"line":324,"column":8},"end":{"line":324,"column":14},"skip":true}},"branchMap":{"1":{"line":39,"type":"binary-expr","locations":[{"start":{"line":39,"column":23},"end":{"line":39,"column":62}},{"start":{"line":40,"column":20},"end":{"line":40,"column":70}},{"start":{"line":41,"column":20},"end":{"line":41,"column":71}},{"start":{"line":42,"column":20},"end":{"line":42,"column":29}}]},"2":{"line":44,"type":"binary-expr","locations":[{"start":{"line":44,"column":23},"end":{"line":44,"column":37}},{"start":{"line":45,"column":20},"end":{"line":45,"column":61}},{"start":{"line":46,"column":20},"end":{"line":46,"column":70}},{"start":{"line":47,"column":20},"end":{"line":47,"column":26}}]},"3":{"line":51,"type":"cond-expr","locations":[{"start":{"line":52,"column":14},"end":{"line":52,"column":20}},{"start":{"line":53,"column":14},"end":{"line":53,"column":20}}]},"4":{"line":55,"type":"binary-expr","locations":[{"start":{"line":55,"column":16},"end":{"line":55,"column":44}},{"start":{"line":55,"column":49},"end":{"line":57,"column":43}}]},"5":{"line":55,"type":"cond-expr","locations":[{"start":{"line":56,"column":14},"end":{"line":56,"column":54}},{"start":{"line":57,"column":14},"end":{"line":57,"column":43}}]},"6":{"line":61,"type":"switch","locations":[{"start":{"line":68,"column":4},"end":{"line":150,"column":14},"skip":true},{"start":{"line":156,"column":4},"end":{"line":324,"column":14},"skip":true}]},"7":{"line":70,"type":"if","locations":[{"start":{"line":70,"column":12},"end":{"line":70,"column":12},"skip":true},{"start":{"line":70,"column":12},"end":{"line":70,"column":12},"skip":true}]},"8":{"line":70,"type":"binary-expr","locations":[{"start":{"line":70,"column":16},"end":{"line":70,"column":22},"skip":true},{"start":{"line":70,"column":27},"end":{"line":70,"column":32},"skip":true},{"start":{"line":71,"column":20},"end":{"line":71,"column":39},"skip":true},{"start":{"line":72,"column":20},"end":{"line":72,"column":49},"skip":true},{"start":{"line":73,"column":20},"end":{"line":73,"column":58},"skip":true},{"start":{"line":74,"column":20},"end":{"line":74,"column":69},"skip":true}]},"9":{"line":79,"type":"switch","locations":[{"start":{"line":80,"column":20},"end":{"line":80,"column":33},"skip":true},{"start":{"line":81,"column":20},"end":{"line":83,"column":30},"skip":true},{"start":{"line":84,"column":20},"end":{"line":85,"column":49},"skip":true}]},"10":{"line":89,"type":"switch","locations":[{"start":{"line":90,"column":12},"end":{"line":103,"column":22},"skip":true},{"start":{"line":105,"column":12},"end":{"line":106,"column":22},"skip":true}]},"11":{"line":89,"type":"binary-expr","locations":[{"start":{"line":89,"column":20},"end":{"line":89,"column":25},"skip":true},{"start":{"line":89,"column":29},"end":{"line":89,"column":48},"skip":true},{"start":{"line":89,"column":52},"end":{"line":89,"column":74},"skip":true}]},"12":{"line":92,"type":"if","locations":[{"start":{"line":92,"column":16},"end":{"line":92,"column":16},"skip":true},{"start":{"line":92,"column":16},"end":{"line":92,"column":16},"skip":true}]},"13":{"line":108,"type":"if","locations":[{"start":{"line":108,"column":12},"end":{"line":108,"column":12},"skip":true},{"start":{"line":108,"column":12},"end":{"line":108,"column":12},"skip":true}]},"14":{"line":108,"type":"binary-expr","locations":[{"start":{"line":108,"column":16},"end":{"line":108,"column":61},"skip":true},{"start":{"line":108,"column":66},"end":{"line":108,"column":72},"skip":true},{"start":{"line":108,"column":77},"end":{"line":108,"column":82},"skip":true},{"start":{"line":109,"column":20},"end":{"line":109,"column":39},"skip":true},{"start":{"line":110,"column":20},"end":{"line":110,"column":49},"skip":true},{"start":{"line":111,"column":20},"end":{"line":111,"column":58},"skip":true},{"start":{"line":112,"column":20},"end":{"line":112,"column":68},"skip":true}]},"15":{"line":129,"type":"if","locations":[{"start":{"line":129,"column":16},"end":{"line":129,"column":16},"skip":true},{"start":{"line":129,"column":16},"end":{"line":129,"column":16},"skip":true}]},"16":{"line":134,"type":"cond-expr","locations":[{"start":{"line":135,"column":26},"end":{"line":135,"column":29},"skip":true},{"start":{"line":136,"column":26},"end":{"line":136,"column":54},"skip":true}]},"17":{"line":164,"type":"binary-expr","locations":[{"start":{"line":164,"column":27},"end":{"line":164,"column":43},"skip":true},{"start":{"line":164,"column":47},"end":{"line":164,"column":49},"skip":true}]},"18":{"line":258,"type":"if","locations":[{"start":{"line":258,"column":8},"end":{"line":258,"column":8},"skip":true},{"start":{"line":258,"column":8},"end":{"line":258,"column":8},"skip":true}]},"19":{"line":275,"type":"switch","locations":[{"start":{"line":276,"column":20},"end":{"line":277,"column":64},"skip":true},{"start":{"line":278,"column":20},"end":{"line":279,"column":40},"skip":true},{"start":{"line":280,"column":20},"end":{"line":281,"column":40},"skip":true},{"start":{"line":282,"column":20},"end":{"line":283,"column":39},"skip":true}]},"20":{"line":288,"type":"if","locations":[{"start":{"line":288,"column":8},"end":{"line":288,"column":8},"skip":true},{"start":{"line":288,"column":8},"end":{"line":288,"column":8},"skip":true}]},"21":{"line":288,"type":"binary-expr","locations":[{"start":{"line":288,"column":12},"end":{"line":288,"column":40},"skip":true},{"start":{"line":288,"column":44},"end":{"line":288,"column":67},"skip":true}]},"22":{"line":292,"type":"binary-expr","locations":[{"start":{"line":292,"column":12},"end":{"line":292,"column":50},"skip":true},{"start":{"line":293,"column":12},"end":{"line":293,"column":53},"skip":true}]},"23":{"line":297,"type":"binary-expr","locations":[{"start":{"line":297,"column":12},"end":{"line":297,"column":68},"skip":true},{"start":{"line":298,"column":12},"end":{"line":301,"column":36},"skip":true}]},"24":{"line":303,"type":"binary-expr","locations":[{"start":{"line":303,"column":43},"end":{"line":303,"column":75},"skip":true},{"start":{"line":303,"column":79},"end":{"line":303,"column":81},"skip":true}]},"25":{"line":306,"type":"if","locations":[{"start":{"line":306,"column":8},"end":{"line":306,"column":8},"skip":true},{"start":{"line":306,"column":8},"end":{"line":306,"column":8},"skip":true}]},"26":{"line":310,"type":"if","locations":[{"start":{"line":310,"column":8},"end":{"line":310,"column":8},"skip":true},{"start":{"line":310,"column":8},"end":{"line":310,"column":8},"skip":true}]},"27":{"line":313,"type":"binary-expr","locations":[{"start":{"line":313,"column":27},"end":{"line":313,"column":43},"skip":true},{"start":{"line":313,"column":47},"end":{"line":313,"column":53},"skip":true}]},"28":{"line":317,"type":"if","locations":[{"start":{"line":317,"column":12},"end":{"line":317,"column":12},"skip":true},{"start":{"line":317,"column":12},"end":{"line":317,"column":12},"skip":true}]}},"code":["/*","example.js","","quickstart example","","instruction","    1. save this script as example.js","    2. run the shell command:","        $ npm install npmtest-pushbullet && PORT=8081 node example.js","    3. play with the browser-demo on http://127.0.0.1:8081","*/","","","","/* istanbul instrument in package npmtest_pushbullet */","/*jslint","    bitwise: true,","    browser: true,","    maxerr: 8,","    maxlen: 96,","    node: true,","    nomen: true,","    regexp: true,","    stupid: true","*/","(function () {","    'use strict';","    var local;","","","","    // run shared js-env code - pre-init","    (function () {","        // init local","        local = {};","        // init modeJs","        local.modeJs = (function () {","            try {","                return typeof navigator.userAgent === 'string' &&","                    typeof document.querySelector('body') === 'object' &&","                    typeof XMLHttpRequest.prototype.open === 'function' &&","                    'browser';","            } catch (errorCaughtBrowser) {","                return module.exports &&","                    typeof process.versions.node === 'string' &&","                    typeof require('http').createServer === 'function' &&","                    'node';","            }","        }());","        // init global","        local.global = local.modeJs === 'browser'","            ? window","            : global;","        // init utility2_rollup","        local = local.global.utility2_rollup || (local.modeJs === 'browser'","            ? local.global.utility2_npmtest_pushbullet","            : global.utility2_moduleExports);","        // export local","        local.global.local = local;","    }());","    switch (local.modeJs) {","","","","    // post-init","    // run browser js-env code - post-init","    /* istanbul ignore next */","    case 'browser':","        local.testRunBrowser = function (event) {","            if (!event || (event &&","                    event.currentTarget &&","                    event.currentTarget.className &&","                    event.currentTarget.className.includes &&","                    event.currentTarget.className.includes('onreset'))) {","                // reset output","                Array.from(","                    document.querySelectorAll('body > .resettable')","                ).forEach(function (element) {","                    switch (element.tagName) {","                    case 'INPUT':","                    case 'TEXTAREA':","                        element.value = '';","                        break;","                    default:","                        element.textContent = '';","                    }","                });","            }","            switch (event && event.currentTarget && event.currentTarget.id) {","            case 'testRunButton1':","                // show tests","                if (document.querySelector('#testReportDiv1').style.display === 'none') {","                    document.querySelector('#testReportDiv1').style.display = 'block';","                    document.querySelector('#testRunButton1').textContent =","                        'hide internal test';","                    local.modeTest = true;","                    local.testRunDefault(local);","                // hide tests","                } else {","                    document.querySelector('#testReportDiv1').style.display = 'none';","                    document.querySelector('#testRunButton1').textContent = 'run internal test';","                }","                break;","            // custom-case","            default:","                break;","            }","            if (document.querySelector('#inputTextareaEval1') && (!event || (event &&","                    event.currentTarget &&","                    event.currentTarget.className &&","                    event.currentTarget.className.includes &&","                    event.currentTarget.className.includes('oneval')))) {","                // try to eval input-code","                try {","                    /*jslint evil: true*/","                    eval(document.querySelector('#inputTextareaEval1').value);","                } catch (errorCaught) {","                    console.error(errorCaught);","                }","            }","        };","        // log stderr and stdout to #outputTextareaStdout1","        ['error', 'log'].forEach(function (key) {","            console[key + '_original'] = console[key];","            console[key] = function () {","                var element;","                console[key + '_original'].apply(console, arguments);","                element = document.querySelector('#outputTextareaStdout1');","                if (!element) {","                    return;","                }","                // append text to #outputTextareaStdout1","                element.value += Array.from(arguments).map(function (arg) {","                    return typeof arg === 'string'","                        ? arg","                        : JSON.stringify(arg, null, 4);","                }).join(' ') + '\\n';","                // scroll textarea to bottom","                element.scrollTop = element.scrollHeight;","            };","        });","        // init event-handling","        ['change', 'click', 'keyup'].forEach(function (event) {","            Array.from(document.querySelectorAll('.on' + event)).forEach(function (element) {","                element.addEventListener(event, local.testRunBrowser);","            });","        });","        // run tests","        local.testRunBrowser();","        break;","","","","    // run node js-env code - post-init","    /* istanbul ignore next */","    case 'node':","        // export local","        module.exports = local;","        // require modules","        local.fs = require('fs');","        local.http = require('http');","        local.url = require('url');","        // init assets","        local.assetsDict = local.assetsDict || {};","        /* jslint-ignore-begin */","        local.assetsDict['/assets.index.template.html'] = '\\","<!doctype html>\\n\\","<html lang=\"en\">\\n\\","<head>\\n\\","<meta charset=\"UTF-8\">\\n\\","<meta name=\"viewport\" content=\"width=device-width, initial-scale=1\">\\n\\","<title>{{env.npm_package_name}} (v{{env.npm_package_version}})</title>\\n\\","<style>\\n\\","/*csslint\\n\\","    box-sizing: false,\\n\\","    universal-selector: false\\n\\","*/\\n\\","* {\\n\\","    box-sizing: border-box;\\n\\","}\\n\\","body {\\n\\","    background: #dde;\\n\\","    font-family: Arial, Helvetica, sans-serif;\\n\\","    margin: 2rem;\\n\\","}\\n\\","body > * {\\n\\","    margin-bottom: 1rem;\\n\\","}\\n\\",".utility2FooterDiv {\\n\\","    margin-top: 20px;\\n\\","    text-align: center;\\n\\","}\\n\\","</style>\\n\\","<style>\\n\\","/*csslint\\n\\","*/\\n\\","textarea {\\n\\","    font-family: monospace;\\n\\","    height: 10rem;\\n\\","    width: 100%;\\n\\","}\\n\\","textarea[readonly] {\\n\\","    background: #ddd;\\n\\","}\\n\\","</style>\\n\\","</head>\\n\\","<body>\\n\\","<!-- utility2-comment\\n\\","<div id=\"ajaxProgressDiv1\" style=\"background: #d00; height: 2px; left: 0; margin: 0; padding: 0; position: fixed; top: 0; transition: background 0.5s, width 1.5s; width: 25%;\"></div>\\n\\","utility2-comment -->\\n\\","<h1>\\n\\","<!-- utility2-comment\\n\\","    <a\\n\\","        {{#if env.npm_package_homepage}}\\n\\","        href=\"{{env.npm_package_homepage}}\"\\n\\","        {{/if env.npm_package_homepage}}\\n\\","        target=\"_blank\"\\n\\","    >\\n\\","utility2-comment -->\\n\\","        {{env.npm_package_name}} (v{{env.npm_package_version}})\\n\\","<!-- utility2-comment\\n\\","    </a>\\n\\","utility2-comment -->\\n\\","</h1>\\n\\","<h3>{{env.npm_package_description}}</h3>\\n\\","<!-- utility2-comment\\n\\","<h4><a download href=\"assets.app.js\">download standalone app</a></h4>\\n\\","<button class=\"onclick onreset\" id=\"testRunButton1\">run internal test</button><br>\\n\\","<div id=\"testReportDiv1\" style=\"display: none;\"></div>\\n\\","utility2-comment -->\\n\\","\\n\\","\\n\\","\\n\\","<label>stderr and stdout</label>\\n\\","<textarea class=\"resettable\" id=\"outputTextareaStdout1\" readonly></textarea>\\n\\","<!-- utility2-comment\\n\\","{{#if isRollup}}\\n\\","<script src=\"assets.app.js\"></script>\\n\\","{{#unless isRollup}}\\n\\","utility2-comment -->\\n\\","<script src=\"assets.utility2.rollup.js\"></script>\\n\\","<script src=\"jsonp.utility2._stateInit?callback=window.utility2._stateInit\"></script>\\n\\","<script src=\"assets.npmtest_pushbullet.rollup.js\"></script>\\n\\","<script src=\"assets.example.js\"></script>\\n\\","<script src=\"assets.test.js\"></script>\\n\\","<!-- utility2-comment\\n\\","{{/if isRollup}}\\n\\","utility2-comment -->\\n\\","<div class=\"utility2FooterDiv\">\\n\\","    [ this app was created with\\n\\","    <a href=\"https://github.com/kaizhu256/node-utility2\" target=\"_blank\">utility2</a>\\n\\","    ]\\n\\","</div>\\n\\","</body>\\n\\","</html>\\n\\","';","        /* jslint-ignore-end */","        if (local.templateRender) {","            local.assetsDict['/'] = local.templateRender(","                local.assetsDict['/assets.index.template.html'],","                {","                    env: local.objectSetDefault(local.env, {","                        npm_package_description: 'the greatest app in the world!',","                        npm_package_name: 'my-app',","                        npm_package_nameAlias: 'my_app',","                        npm_package_version: '0.0.1'","                    })","                }","            );","        } else {","            local.assetsDict['/'] = local.assetsDict['/assets.index.template.html']","                .replace((/\\{\\{env\\.(\\w+?)\\}\\}/g), function (match0, match1) {","                    // jslint-hack","                    String(match0);","                    switch (match1) {","                    case 'npm_package_description':","                        return 'the greatest app in the world!';","                    case 'npm_package_name':","                        return 'my-app';","                    case 'npm_package_nameAlias':","                        return 'my_app';","                    case 'npm_package_version':","                        return '0.0.1';","                    }","                });","        }","        // run the cli","        if (local.global.utility2_rollup || module !== require.main) {","            break;","        }","        local.assetsDict['/assets.example.js'] =","            local.assetsDict['/assets.example.js'] ||","            local.fs.readFileSync(__filename, 'utf8');","        // bug-workaround - long $npm_package_buildCustomOrg","        /* jslint-ignore-begin */","        local.assetsDict['/assets.npmtest_pushbullet.rollup.js'] =","            local.assetsDict['/assets.npmtest_pushbullet.rollup.js'] ||","            local.fs.readFileSync(","                local.npmtest_pushbullet.__dirname + '/lib.npmtest_pushbullet.js',","                'utf8'","            ).replace((/^#!/), '//');","        /* jslint-ignore-end */","        local.assetsDict['/favicon.ico'] = local.assetsDict['/favicon.ico'] || '';","        // if $npm_config_timeout_exit exists,","        // then exit this process after $npm_config_timeout_exit ms","        if (Number(process.env.npm_config_timeout_exit)) {","            setTimeout(process.exit, Number(process.env.npm_config_timeout_exit));","        }","        // start server","        if (local.global.utility2_serverHttp1) {","            break;","        }","        process.env.PORT = process.env.PORT || '8081';","        console.error('server starting on port ' + process.env.PORT);","        local.http.createServer(function (request, response) {","            request.urlParsed = local.url.parse(request.url);","            if (local.assetsDict[request.urlParsed.pathname] !== undefined) {","                response.end(local.assetsDict[request.urlParsed.pathname]);","                return;","            }","            response.statusCode = 404;","            response.end();","        }).listen(process.env.PORT);","        break;","    }","}());",""],"l":{"26":2,"28":2,"33":2,"35":2,"37":2,"38":2,"39":2,"44":1,"51":2,"55":2,"59":2,"61":2,"69":1,"70":2,"76":2,"79":2,"82":2,"83":2,"85":1,"89":2,"92":1,"93":1,"94":1,"96":1,"97":1,"100":1,"101":1,"103":1,"106":1,"108":2,"114":1,"116":1,"118":1,"123":1,"124":2,"125":2,"126":3,"127":3,"128":3,"129":3,"130":1,"133":3,"134":3,"139":3,"143":1,"144":3,"145":1,"149":1,"150":1,"158":1,"160":1,"161":1,"162":1,"164":1,"166":1,"258":1,"259":1,"271":1,"274":6,"275":6,"277":1,"279":2,"281":1,"283":2,"288":1,"289":1,"291":1,"296":1,"303":1,"306":1,"307":1,"310":1,"311":1,"313":1,"314":1,"315":1,"316":1,"317":1,"318":1,"319":1,"321":1,"322":1,"324":1}},"/home/travis/build/npmtest/node-npmtest-pushbullet/node_modules/pushbullet/index.js":{"path":"/home/travis/build/npmtest/node-npmtest-pushbullet/node_modules/pushbullet/index.js","s":{"1":1},"b":{},"f":{},"fnMap":{},"statementMap":{"1":{"start":{"line":2,"column":0},"end":{"line":2,"column":48}}},"branchMap":{},"code":["/*global module,require*/","module.exports = require('./lib/pushbullet.js');",""],"l":{"2":1}},"/home/travis/build/npmtest/node-npmtest-pushbullet/node_modules/pushbullet/lib/pushbullet.js":{"path":"/home/travis/build/npmtest/node-npmtest-pushbullet/node_modules/pushbullet/lib/pushbullet.js","s":{"1":1,"2":1,"3":1,"4":1,"5":0,"6":0,"7":0,"8":0,"9":1,"10":1,"11":1,"12":1,"13":1,"14":1,"15":1,"16":1,"17":1,"18":1,"19":1,"20":0,"21":1,"22":0,"23":0,"24":0,"25":0,"26":0,"27":0,"28":0,"29":0,"30":0,"31":0,"32":0,"33":0,"34":1,"35":0,"36":0,"37":0,"38":0,"39":0,"40":1,"41":0,"42":0,"43":0,"44":0,"45":0,"46":0,"47":0,"48":0,"49":0,"50":0,"51":0,"52":0,"53":1,"54":1,"55":1,"56":1,"57":1,"58":1},"b":{"1":[0,0],"2":[0,0],"3":[0,0],"4":[0,0],"5":[0,0],"6":[0,0],"7":[0,0],"8":[0,0],"9":[0,0],"10":[0,0],"11":[0,0],"12":[0,0],"13":[0,0]},"f":{"1":0,"2":0,"3":0,"4":0,"5":0,"6":0,"7":0},"fnMap":{"1":{"name":"PushBullet","line":13,"loc":{"start":{"line":13,"column":0},"end":{"line":13,"column":28}}},"2":{"name":"stream","line":45,"loc":{"start":{"line":45,"column":30},"end":{"line":45,"column":48}}},"3":{"name":"getList","line":58,"loc":{"start":{"line":58,"column":31},"end":{"line":58,"column":77}}},"4":{"name":"(anonymous_4)","line":73,"loc":{"start":{"line":73,"column":21},"end":{"line":73,"column":35}}},"5":{"name":"(anonymous_5)","line":78,"loc":{"start":{"line":78,"column":40},"end":{"line":78,"column":72}}},"6":{"name":"handleResponse","line":96,"loc":{"start":{"line":96,"column":38},"end":{"line":96,"column":95}}},"7":{"name":"handleError","line":115,"loc":{"start":{"line":115,"column":35},"end":{"line":115,"column":89}}}},"statementMap":{"1":{"start":{"line":3,"column":0},"end":{"line":3,"column":30}},"2":{"start":{"line":4,"column":0},"end":{"line":4,"column":33}},"3":{"start":{"line":6,"column":0},"end":{"line":6,"column":42}},"4":{"start":{"line":13,"column":0},"end":{"line":26,"column":1}},"5":{"start":{"line":14,"column":1},"end":{"line":16,"column":2}},"6":{"start":{"line":15,"column":2},"end":{"line":15,"column":41}},"7":{"start":{"line":18,"column":1},"end":{"line":18,"column":22}},"8":{"start":{"line":20,"column":1},"end":{"line":25,"column":4}},"9":{"start":{"line":28,"column":0},"end":{"line":28,"column":54}},"10":{"start":{"line":29,"column":0},"end":{"line":29,"column":65}},"11":{"start":{"line":30,"column":0},"end":{"line":30,"column":64}},"12":{"start":{"line":31,"column":0},"end":{"line":31,"column":72}},"13":{"start":{"line":32,"column":0},"end":{"line":32,"column":63}},"14":{"start":{"line":33,"column":0},"end":{"line":33,"column":71}},"15":{"start":{"line":34,"column":0},"end":{"line":34,"column":70}},"16":{"start":{"line":35,"column":0},"end":{"line":35,"column":63}},"17":{"start":{"line":36,"column":0},"end":{"line":36,"column":70}},"18":{"start":{"line":38,"column":0},"end":{"line":38,"column":28}},"19":{"start":{"line":45,"column":0},"end":{"line":47,"column":2}},"20":{"start":{"line":46,"column":1},"end":{"line":46,"column":32}},"21":{"start":{"line":58,"column":0},"end":{"line":81,"column":2}},"22":{"start":{"line":59,"column":1},"end":{"line":59,"column":17}},"23":{"start":{"line":61,"column":1},"end":{"line":64,"column":2}},"24":{"start":{"line":62,"column":2},"end":{"line":62,"column":21}},"25":{"start":{"line":63,"column":2},"end":{"line":63,"column":15}},"26":{"start":{"line":66,"column":1},"end":{"line":66,"column":21}},"27":{"start":{"line":68,"column":1},"end":{"line":68,"column":39}},"28":{"start":{"line":69,"column":1},"end":{"line":76,"column":2}},"29":{"start":{"line":71,"column":2},"end":{"line":71,"column":21}},"30":{"start":{"line":73,"column":2},"end":{"line":75,"column":5}},"31":{"start":{"line":74,"column":3},"end":{"line":74,"column":37}},"32":{"start":{"line":78,"column":1},"end":{"line":80,"column":4}},"33":{"start":{"line":79,"column":2},"end":{"line":79,"column":55}},"34":{"start":{"line":96,"column":0},"end":{"line":105,"column":2}},"35":{"start":{"line":97,"column":1},"end":{"line":100,"column":2}},"36":{"start":{"line":98,"column":2},"end":{"line":98,"column":52}},"37":{"start":{"line":99,"column":2},"end":{"line":99,"column":9}},"38":{"start":{"line":102,"column":1},"end":{"line":104,"column":2}},"39":{"start":{"line":103,"column":2},"end":{"line":103,"column":23}},"40":{"start":{"line":115,"column":0},"end":{"line":138,"column":2}},"41":{"start":{"line":116,"column":1},"end":{"line":121,"column":2}},"42":{"start":{"line":117,"column":2},"end":{"line":119,"column":3}},"43":{"start":{"line":118,"column":3},"end":{"line":118,"column":19}},"44":{"start":{"line":120,"column":2},"end":{"line":120,"column":9}},"45":{"start":{"line":123,"column":1},"end":{"line":133,"column":2}},"46":{"start":{"line":124,"column":2},"end":{"line":131,"column":3}},"47":{"start":{"line":125,"column":3},"end":{"line":130,"column":4}},"48":{"start":{"line":126,"column":4},"end":{"line":126,"column":44}},"49":{"start":{"line":129,"column":4},"end":{"line":129,"column":64}},"50":{"start":{"line":132,"column":2},"end":{"line":132,"column":9}},"51":{"start":{"line":135,"column":1},"end":{"line":137,"column":2}},"52":{"start":{"line":136,"column":2},"end":{"line":136,"column":13}},"53":{"start":{"line":140,"column":0},"end":{"line":140,"column":28}},"54":{"start":{"line":141,"column":0},"end":{"line":141,"column":30}},"55":{"start":{"line":142,"column":0},"end":{"line":142,"column":33}},"56":{"start":{"line":143,"column":0},"end":{"line":143,"column":29}},"57":{"start":{"line":144,"column":0},"end":{"line":144,"column":36}},"58":{"start":{"line":145,"column":0},"end":{"line":145,"column":28}}},"branchMap":{"1":{"line":14,"type":"if","locations":[{"start":{"line":14,"column":1},"end":{"line":14,"column":1}},{"start":{"line":14,"column":1},"end":{"line":14,"column":1}}]},"2":{"line":61,"type":"if","locations":[{"start":{"line":61,"column":1},"end":{"line":61,"column":1}},{"start":{"line":61,"column":1},"end":{"line":61,"column":1}}]},"3":{"line":69,"type":"if","locations":[{"start":{"line":69,"column":1},"end":{"line":69,"column":1}},{"start":{"line":69,"column":1},"end":{"line":69,"column":1}}]},"4":{"line":97,"type":"if","locations":[{"start":{"line":97,"column":1},"end":{"line":97,"column":1}},{"start":{"line":97,"column":1},"end":{"line":97,"column":1}}]},"5":{"line":97,"type":"binary-expr","locations":[{"start":{"line":97,"column":5},"end":{"line":97,"column":10}},{"start":{"line":97,"column":14},"end":{"line":97,"column":41}}]},"6":{"line":102,"type":"if","locations":[{"start":{"line":102,"column":1},"end":{"line":102,"column":1}},{"start":{"line":102,"column":1},"end":{"line":102,"column":1}}]},"7":{"line":116,"type":"if","locations":[{"start":{"line":116,"column":1},"end":{"line":116,"column":1}},{"start":{"line":116,"column":1},"end":{"line":116,"column":1}}]},"8":{"line":117,"type":"if","locations":[{"start":{"line":117,"column":2},"end":{"line":117,"column":2}},{"start":{"line":117,"column":2},"end":{"line":117,"column":2}}]},"9":{"line":123,"type":"if","locations":[{"start":{"line":123,"column":1},"end":{"line":123,"column":1}},{"start":{"line":123,"column":1},"end":{"line":123,"column":1}}]},"10":{"line":124,"type":"if","locations":[{"start":{"line":124,"column":2},"end":{"line":124,"column":2}},{"start":{"line":124,"column":2},"end":{"line":124,"column":2}}]},"11":{"line":125,"type":"if","locations":[{"start":{"line":125,"column":3},"end":{"line":125,"column":3}},{"start":{"line":125,"column":3},"end":{"line":125,"column":3}}]},"12":{"line":125,"type":"binary-expr","locations":[{"start":{"line":125,"column":7},"end":{"line":125,"column":17}},{"start":{"line":125,"column":21},"end":{"line":125,"column":39}}]},"13":{"line":135,"type":"if","locations":[{"start":{"line":135,"column":1},"end":{"line":135,"column":1}},{"start":{"line":135,"column":1},"end":{"line":135,"column":1}}]}},"code":["/*global module,require*/","","var http    = require('http');","var request = require('request');","","var Stream = require('./internal/stream');","","/**"," * PushBullet API abstraction module."," *"," * @param {String} apiKey PushBullet API key."," */","function PushBullet(apiKey) {","\tif ( ! apiKey) {","\t\tthrow new Error('API Key is required');","\t}","","\tthis.apiKey = apiKey;","","\tthis.request = request.defaults({","\t\theaders: {","\t\t\t'Access-Token': apiKey","\t\t},","\t\tjson: true","\t});","}","","PushBullet.API_BASE = 'https://api.pushbullet.com/v2';","PushBullet.DEVICES_END_POINT  = PushBullet.API_BASE + '/devices';","PushBullet.PUSH_END_POINT     = PushBullet.API_BASE + '/pushes';","PushBullet.UPLOAD_END_POINT   = PushBullet.API_BASE + '/upload-request';","PushBullet.USERS_END_POINT    = PushBullet.API_BASE + '/users';","PushBullet.SUBS_END_POINT     = PushBullet.API_BASE + '/subscriptions';","PushBullet.CHANNELS_END_POINT = PushBullet.API_BASE + '/channel-info';","PushBullet.CHATS_END_POINT    = PushBullet.API_BASE + '/chats';","PushBullet.EPHEMERALS_END_POINT = PushBullet.API_BASE + '/ephemerals';","","module.exports = PushBullet;","","/**"," * Return a new stream listener."," *"," * @return {Stream} Stream listener."," */","PushBullet.prototype.stream = function stream() {","\treturn new Stream(this.apiKey);","};","","/**"," * Performs a GET request to an end point."," *"," * Options passed are added to the end point as a query string."," *"," * @param  {String}   endPoint URL to send GET request to."," * @param  {Object}   options  Key/value options used as query string parameters."," * @param  {Function} callback Called when the request is complete."," */","PushBullet.prototype.getList = function getList(endPoint, options, callback) {","\tvar self = this;","","\tif ( ! callback) {","\t\tcallback = options;","\t\toptions = {};","\t}","","\tvar parameters = {};","","\tvar optionKeys = Object.keys(options);","\tif (optionKeys.length > 0) {","","\t\tparameters.qs = {};","","\t\toptionKeys.forEach(function(key) {","\t\t\tparameters.qs[key] = options[key];","\t\t});","\t}","","\tself.request.get(endPoint, parameters, function(error, response, body) {","\t\tself.handleResponse(error, response, body, callback);","\t});","};","","/**"," * Handle the API request responses."," *"," * If there is a request error or the response code is not 200"," * an error will be passed to the callback."," *"," * For a successful request the parsed JSON will be passed to the callback."," *"," * @param  {Error}      error    Request error."," * @param  {Response}   response Response object."," * @param  {String}     body     Response body."," * @param  {Function} callback   Callback for when the request is complete."," */","PushBullet.prototype.handleResponse = function handleResponse(error, response, body, callback) {","\tif (error || response.statusCode !== 200) {","\t\tthis.handleError(error, response, body, callback);","\t\treturn;","\t}","","\tif (typeof callback === 'function') {","\t\tcallback(null, body);","\t}","};","","/**"," * Handle errors or error responses."," *"," * @param  {Error}      error    Request error."," * @param  {Response}   response Response object."," * @param  {String}     body     Response body."," * @param  {Function} callback   Callback for when the request is complete."," */","PushBullet.prototype.handleError = function handleError(error, response, body, callback) {","\tif (error) {","\t\tif (typeof callback === 'function') {","\t\t\tcallback(error);","\t\t}","\t\treturn;","\t}","","\tif (response.statusCode !== 200) {","\t\tif (typeof callback === 'function') {","\t\t\tif (body.error && body.error.message) {","\t\t\t\tcallback(new Error(body.error.message));","\t\t\t}","\t\t\telse {","\t\t\t\tcallback(new Error(http.STATUS_CODES[response.statusCode]));","\t\t\t}","\t\t}","\t\treturn;","\t}","","\tif (typeof callback === 'function') {","\t\tcallback();","\t}","};","","require('./internal/chats');","require('./internal/devices');","require('./internal/ephemerals');","require('./internal/pushes');","require('./internal/subscriptions');","require('./internal/users');",""],"l":{"3":1,"4":1,"6":1,"13":1,"14":0,"15":0,"18":0,"20":0,"28":1,"29":1,"30":1,"31":1,"32":1,"33":1,"34":1,"35":1,"36":1,"38":1,"45":1,"46":0,"58":1,"59":0,"61":0,"62":0,"63":0,"66":0,"68":0,"69":0,"71":0,"73":0,"74":0,"78":0,"79":0,"96":1,"97":0,"98":0,"99":0,"102":0,"103":0,"115":1,"116":0,"117":0,"118":0,"120":0,"123":0,"124":0,"125":0,"126":0,"129":0,"132":0,"135":0,"136":0,"140":1,"141":1,"142":1,"143":1,"144":1,"145":1}},"/home/travis/build/npmtest/node-npmtest-pushbullet/node_modules/pushbullet/lib/internal/stream.js":{"path":"/home/travis/build/npmtest/node-npmtest-pushbullet/node_modules/pushbullet/lib/internal/stream.js","s":{"1":1,"2":1,"3":1,"4":1,"5":1,"6":0,"7":0,"8":0,"9":0,"10":0,"11":0,"12":0,"13":0,"14":0,"15":0,"16":0,"17":0,"18":0,"19":0,"20":0,"21":0,"22":0,"23":0,"24":0,"25":0,"26":0,"27":0,"28":0,"29":1,"30":1,"31":1,"32":0,"33":1,"34":0},"b":{"1":[0,0],"2":[0,0],"3":[0,0],"4":[0,0]},"f":{"1":0,"2":0,"3":0,"4":0,"5":0,"6":0,"7":0,"8":0},"fnMap":{"1":{"name":"Stream","line":14,"loc":{"start":{"line":14,"column":0},"end":{"line":14,"column":24}}},"2":{"name":"(anonymous_2)","line":23,"loc":{"start":{"line":23,"column":33},"end":{"line":23,"column":49}}},"3":{"name":"(anonymous_3)","line":27,"loc":{"start":{"line":27,"column":27},"end":{"line":27,"column":48}}},"4":{"name":"(anonymous_4)","line":33,"loc":{"start":{"line":33,"column":25},"end":{"line":33,"column":41}}},"5":{"name":"(anonymous_5)","line":37,"loc":{"start":{"line":37,"column":25},"end":{"line":37,"column":36}}},"6":{"name":"(anonymous_6)","line":41,"loc":{"start":{"line":41,"column":27},"end":{"line":41,"column":45}}},"7":{"name":"connect","line":67,"loc":{"start":{"line":67,"column":27},"end":{"line":67,"column":46}}},"8":{"name":"close","line":74,"loc":{"start":{"line":74,"column":25},"end":{"line":74,"column":42}}}},"statementMap":{"1":{"start":{"line":3,"column":0},"end":{"line":3,"column":29}},"2":{"start":{"line":4,"column":0},"end":{"line":4,"column":31}},"3":{"start":{"line":5,"column":0},"end":{"line":5,"column":50}},"4":{"start":{"line":7,"column":0},"end":{"line":7,"column":58}},"5":{"start":{"line":14,"column":0},"end":{"line":58,"column":1}},"6":{"start":{"line":15,"column":1},"end":{"line":15,"column":17}},"7":{"start":{"line":17,"column":1},"end":{"line":17,"column":22}},"8":{"start":{"line":19,"column":1},"end":{"line":19,"column":32}},"9":{"start":{"line":21,"column":1},"end":{"line":21,"column":37}},"10":{"start":{"line":23,"column":1},"end":{"line":25,"column":4}},"11":{"start":{"line":24,"column":2},"end":{"line":24,"column":28}},"12":{"start":{"line":27,"column":1},"end":{"line":57,"column":4}},"13":{"start":{"line":29,"column":2},"end":{"line":29,"column":31}},"14":{"start":{"line":31,"column":2},"end":{"line":31,"column":23}},"15":{"start":{"line":33,"column":2},"end":{"line":35,"column":5}},"16":{"start":{"line":34,"column":3},"end":{"line":34,"column":29}},"17":{"start":{"line":37,"column":2},"end":{"line":39,"column":5}},"18":{"start":{"line":38,"column":3},"end":{"line":38,"column":22}},"19":{"start":{"line":41,"column":2},"end":{"line":56,"column":5}},"20":{"start":{"line":42,"column":3},"end":{"line":55,"column":4}},"21":{"start":{"line":43,"column":4},"end":{"line":43,"column":44}},"22":{"start":{"line":44,"column":4},"end":{"line":44,"column":31}},"23":{"start":{"line":46,"column":4},"end":{"line":54,"column":5}},"24":{"start":{"line":47,"column":5},"end":{"line":47,"column":22}},"25":{"start":{"line":49,"column":9},"end":{"line":54,"column":5}},"26":{"start":{"line":50,"column":5},"end":{"line":50,"column":39}},"27":{"start":{"line":52,"column":9},"end":{"line":54,"column":5}},"28":{"start":{"line":53,"column":5},"end":{"line":53,"column":34}},"29":{"start":{"line":60,"column":0},"end":{"line":60,"column":43}},"30":{"start":{"line":62,"column":0},"end":{"line":62,"column":24}},"31":{"start":{"line":67,"column":0},"end":{"line":69,"column":2}},"32":{"start":{"line":68,"column":1},"end":{"line":68,"column":54}},"33":{"start":{"line":74,"column":0},"end":{"line":76,"column":2}},"34":{"start":{"line":75,"column":1},"end":{"line":75,"column":25}}},"branchMap":{"1":{"line":42,"type":"if","locations":[{"start":{"line":42,"column":3},"end":{"line":42,"column":3}},{"start":{"line":42,"column":3},"end":{"line":42,"column":3}}]},"2":{"line":46,"type":"if","locations":[{"start":{"line":46,"column":4},"end":{"line":46,"column":4}},{"start":{"line":46,"column":4},"end":{"line":46,"column":4}}]},"3":{"line":49,"type":"if","locations":[{"start":{"line":49,"column":9},"end":{"line":49,"column":9}},{"start":{"line":49,"column":9},"end":{"line":49,"column":9}}]},"4":{"line":52,"type":"if","locations":[{"start":{"line":52,"column":9},"end":{"line":52,"column":9}},{"start":{"line":52,"column":9},"end":{"line":52,"column":9}}]}},"code":["/*global module,require*/","","var util   = require('util');","var events = require('events');","var WebSocketClient = require('websocket').client;","","var STREAM_BASE = 'wss://stream.pushbullet.com/websocket';","","/**"," * Event emitter for the Pushbullet streaming API."," *"," * @param {String} apiKey PushBullet API key."," */","function Stream(apiKey) {","\tvar self = this;","","\tself.apiKey = apiKey;","","\tevents.EventEmitter.call(self);","","\tself.client = new WebSocketClient();","","\tself.client.on('connectFailed', function(error) {","\t\tself.emit('error', error);","\t});","","\tself.client.on('connect', function(connection) {","","\t\tself.connection = connection;","","\t\tself.emit('connect');","","\t\tconnection.on('error', function(error) {","\t\t\tself.emit('error', error);","\t\t});","","\t\tconnection.on('close', function() {","\t\t\tself.emit('close');","\t\t});","","\t\tconnection.on('message', function(message) {","\t\t\tif (message.type === 'utf8') {","\t\t\t\tvar data = JSON.parse(message.utf8Data);","\t\t\t\tself.emit('message', data);","","\t\t\t\tif (data.type === 'nop') {","\t\t\t\t\tself.emit('nop');","\t\t\t\t}","\t\t\t\telse if (data.type === 'tickle') {","\t\t\t\t\tself.emit('tickle', data.subtype);","\t\t\t\t}","\t\t\t\telse if (data.type === 'push') {","\t\t\t\t\tself.emit('push', data.push);","\t\t\t\t}","\t\t\t}","\t\t});","\t});","}","","util.inherits(Stream, events.EventEmitter);","","module.exports = Stream;","","/**"," * Connect to the stream."," */","Stream.prototype.connect = function connect() {","\tthis.client.connect(STREAM_BASE + '/' + this.apiKey);","};","","/**"," * Disconnect from the stream."," */","Stream.prototype.close = function close() {","\tthis.connection.close();","};",""],"l":{"3":1,"4":1,"5":1,"7":1,"14":1,"15":0,"17":0,"19":0,"21":0,"23":0,"24":0,"27":0,"29":0,"31":0,"33":0,"34":0,"37":0,"38":0,"41":0,"42":0,"43":0,"44":0,"46":0,"47":0,"49":0,"50":0,"52":0,"53":0,"60":1,"62":1,"67":1,"68":0,"74":1,"75":0}},"/home/travis/build/npmtest/node-npmtest-pushbullet/node_modules/pushbullet/lib/internal/chats.js":{"path":"/home/travis/build/npmtest/node-npmtest-pushbullet/node_modules/pushbullet/lib/internal/chats.js","s":{"1":1,"2":1,"3":0,"4":0,"5":0,"6":0,"7":0,"8":0,"9":0,"10":1,"11":0,"12":0,"13":0,"14":0,"15":1,"16":0,"17":1,"18":0,"19":1,"20":0,"21":0,"22":0,"23":0,"24":0,"25":0,"26":1,"27":0,"28":0,"29":0},"b":{"1":[0,0],"2":[0,0],"3":[0,0]},"f":{"1":0,"2":0,"3":0,"4":0,"5":0,"6":0,"7":0,"8":0,"9":0},"fnMap":{"1":{"name":"chats","line":9,"loc":{"start":{"line":9,"column":29},"end":{"line":9,"column":63}}},"2":{"name":"createChat","line":32,"loc":{"start":{"line":32,"column":34},"end":{"line":32,"column":71}}},"3":{"name":"(anonymous_3)","line":41,"loc":{"start":{"line":41,"column":56},"end":{"line":41,"column":88}}},"4":{"name":"muteChat","line":52,"loc":{"start":{"line":52,"column":32},"end":{"line":52,"column":70}}},"5":{"name":"unmuteChat","line":62,"loc":{"start":{"line":62,"column":34},"end":{"line":62,"column":74}}},"6":{"name":"updateChat","line":73,"loc":{"start":{"line":73,"column":34},"end":{"line":73,"column":83}}},"7":{"name":"(anonymous_7)","line":84,"loc":{"start":{"line":84,"column":73},"end":{"line":84,"column":105}}},"8":{"name":"deleteChat","line":95,"loc":{"start":{"line":95,"column":34},"end":{"line":95,"column":74}}},"9":{"name":"(anonymous_9)","line":98,"loc":{"start":{"line":98,"column":64},"end":{"line":98,"column":96}}}},"statementMap":{"1":{"start":{"line":1,"column":0},"end":{"line":1,"column":42}},"2":{"start":{"line":9,"column":0},"end":{"line":24,"column":2}},"3":{"start":{"line":10,"column":1},"end":{"line":10,"column":17}},"4":{"start":{"line":12,"column":1},"end":{"line":17,"column":2}},"5":{"start":{"line":13,"column":2},"end":{"line":13,"column":21}},"6":{"start":{"line":14,"column":2},"end":{"line":16,"column":4}},"7":{"start":{"line":19,"column":1},"end":{"line":21,"column":2}},"8":{"start":{"line":20,"column":2},"end":{"line":20,"column":24}},"9":{"start":{"line":23,"column":1},"end":{"line":23,"column":61}},"10":{"start":{"line":32,"column":0},"end":{"line":44,"column":2}},"11":{"start":{"line":33,"column":1},"end":{"line":33,"column":17}},"12":{"start":{"line":35,"column":1},"end":{"line":39,"column":3}},"13":{"start":{"line":41,"column":1},"end":{"line":43,"column":4}},"14":{"start":{"line":42,"column":2},"end":{"line":42,"column":55}},"15":{"start":{"line":52,"column":0},"end":{"line":54,"column":2}},"16":{"start":{"line":53,"column":1},"end":{"line":53,"column":54}},"17":{"start":{"line":62,"column":0},"end":{"line":64,"column":2}},"18":{"start":{"line":63,"column":1},"end":{"line":63,"column":55}},"19":{"start":{"line":73,"column":0},"end":{"line":87,"column":2}},"20":{"start":{"line":74,"column":1},"end":{"line":74,"column":17}},"21":{"start":{"line":76,"column":1},"end":{"line":78,"column":2}},"22":{"start":{"line":77,"column":2},"end":{"line":77,"column":21}},"23":{"start":{"line":80,"column":1},"end":{"line":82,"column":3}},"24":{"start":{"line":84,"column":1},"end":{"line":86,"column":4}},"25":{"start":{"line":85,"column":2},"end":{"line":85,"column":55}},"26":{"start":{"line":95,"column":0},"end":{"line":101,"column":2}},"27":{"start":{"line":96,"column":1},"end":{"line":96,"column":17}},"28":{"start":{"line":98,"column":1},"end":{"line":100,"column":4}},"29":{"start":{"line":99,"column":2},"end":{"line":99,"column":55}}},"branchMap":{"1":{"line":12,"type":"if","locations":[{"start":{"line":12,"column":1},"end":{"line":12,"column":1}},{"start":{"line":12,"column":1},"end":{"line":12,"column":1}}]},"2":{"line":19,"type":"if","locations":[{"start":{"line":19,"column":1},"end":{"line":19,"column":1}},{"start":{"line":19,"column":1},"end":{"line":19,"column":1}}]},"3":{"line":76,"type":"if","locations":[{"start":{"line":76,"column":1},"end":{"line":76,"column":1}},{"start":{"line":76,"column":1},"end":{"line":76,"column":1}}]}},"code":["var PushBullet = require('../pushbullet');","","/**"," * Get a list of current chats."," *"," * @param  {Object}   options  Optional options object."," * @param  {Function} callback Called when the request is complete."," */","PushBullet.prototype.chats = function chats(options, callback) {","\tvar self = this;","","\tif ( ! callback) {","\t\tcallback = options;","\t\toptions = {","\t\t\tactive: true","\t\t};","\t}","","\tif (options.active === undefined) {","\t\toptions.active = true;","\t}","","\tself.getList(PushBullet.CHATS_END_POINT, options, callback);","};","","/**"," * Create a new chat."," *"," * @param {String}   channelTag Email of the person to create the chat with."," * @param {Function} callback   Called when the request is complete."," */","PushBullet.prototype.createChat = function createChat(email, callback) {","\tvar self = this;","","\tvar options = {","\t\tjson: {","\t\t\temail: email","\t\t}","\t};","","\tself.request.post(PushBullet.CHATS_END_POINT, options, function(error, response, body) {","\t\tself.handleResponse(error, response, body, callback);","\t});","};","","/**"," * Mute a chat."," *"," * @param {String}   chatIden The iden of the chat to mute."," * @param {Function} callback Called when the request is complete."," */","PushBullet.prototype.muteChat = function muteChat(chatIden, callback) {","\tthis.updateChat(chatIden, { muted: true }, callback);","};","","/**"," * Unmute chat."," *"," * @param {String}   chatIden The iden of the chat to unmute."," * @param {Function} callback Called when the request is complete."," */","PushBullet.prototype.unmuteChat = function unmuteChat(chatIden, callback) {","\tthis.updateChat(chatIden, { muted: false }, callback);","};","","/**"," * Update a chat."," *"," * @param {String}   chatIden The iden of the chat to ubsubscribe from."," * @param {Object}   updates  Updates to make to chat."," * @param {Function} callback Called when the request is complete."," */","PushBullet.prototype.updateChat = function updateChat(chatIden, updates, callback) {","\tvar self = this;","","\tif ( ! callback) {","\t\tcallback = updates;","\t}","","\tvar options = {","\t\tjson: updates","\t};","","\tself.request.post(PushBullet.CHATS_END_POINT + '/' + chatIden, options, function(error, response, body) {","\t\tself.handleResponse(error, response, body, callback);","\t});","};","","/**"," * Delete a chat."," *"," * @param {String}   chatIden The iden of the chat to delete."," * @param {Function} callback Called when the request is complete."," */","PushBullet.prototype.deleteChat = function deleteChat(chatIden, callback) {","\tvar self = this;","","\tself.request.post(PushBullet.CHATS_END_POINT + '/' + chatIden, function(error, response, body) {","\t\tself.handleResponse(error, response, body, callback);","\t});","};",""],"l":{"1":1,"9":1,"10":0,"12":0,"13":0,"14":0,"19":0,"20":0,"23":0,"32":1,"33":0,"35":0,"41":0,"42":0,"52":1,"53":0,"62":1,"63":0,"73":1,"74":0,"76":0,"77":0,"80":0,"84":0,"85":0,"95":1,"96":0,"98":0,"99":0}},"/home/travis/build/npmtest/node-npmtest-pushbullet/node_modules/pushbullet/lib/internal/devices.js":{"path":"/home/travis/build/npmtest/node-npmtest-pushbullet/node_modules/pushbullet/lib/internal/devices.js","s":{"1":1,"2":1,"3":0,"4":0,"5":0,"6":0,"7":0,"8":0,"9":0,"10":1,"11":0,"12":0,"13":0,"14":0,"15":1,"16":0,"17":0,"18":0,"19":0,"20":1,"21":0,"22":0,"23":0},"b":{"1":[0,0],"2":[0,0]},"f":{"1":0,"2":0,"3":0,"4":0,"5":0,"6":0,"7":0},"fnMap":{"1":{"name":"devices","line":16,"loc":{"start":{"line":16,"column":31},"end":{"line":16,"column":67}}},"2":{"name":"createDevice","line":39,"loc":{"start":{"line":39,"column":36},"end":{"line":39,"column":83}}},"3":{"name":"(anonymous_3)","line":46,"loc":{"start":{"line":46,"column":58},"end":{"line":46,"column":90}}},"4":{"name":"updateDevice","line":57,"loc":{"start":{"line":57,"column":36},"end":{"line":57,"column":95}}},"5":{"name":"(anonymous_5)","line":64,"loc":{"start":{"line":64,"column":77},"end":{"line":64,"column":109}}},"6":{"name":"deleteDevice","line":75,"loc":{"start":{"line":75,"column":36},"end":{"line":75,"column":80}}},"7":{"name":"(anonymous_7)","line":78,"loc":{"start":{"line":78,"column":67},"end":{"line":78,"column":99}}}},"statementMap":{"1":{"start":{"line":1,"column":0},"end":{"line":1,"column":42}},"2":{"start":{"line":16,"column":0},"end":{"line":31,"column":2}},"3":{"start":{"line":17,"column":1},"end":{"line":17,"column":17}},"4":{"start":{"line":19,"column":1},"end":{"line":24,"column":2}},"5":{"start":{"line":20,"column":2},"end":{"line":20,"column":21}},"6":{"start":{"line":21,"column":2},"end":{"line":23,"column":4}},"7":{"start":{"line":26,"column":1},"end":{"line":28,"column":2}},"8":{"start":{"line":27,"column":2},"end":{"line":27,"column":24}},"9":{"start":{"line":30,"column":1},"end":{"line":30,"column":63}},"10":{"start":{"line":39,"column":0},"end":{"line":49,"column":2}},"11":{"start":{"line":40,"column":1},"end":{"line":40,"column":17}},"12":{"start":{"line":42,"column":1},"end":{"line":44,"column":3}},"13":{"start":{"line":46,"column":1},"end":{"line":48,"column":4}},"14":{"start":{"line":47,"column":2},"end":{"line":47,"column":55}},"15":{"start":{"line":57,"column":0},"end":{"line":67,"column":2}},"16":{"start":{"line":58,"column":1},"end":{"line":58,"column":17}},"17":{"start":{"line":60,"column":1},"end":{"line":62,"column":3}},"18":{"start":{"line":64,"column":1},"end":{"line":66,"column":4}},"19":{"start":{"line":65,"column":2},"end":{"line":65,"column":55}},"20":{"start":{"line":75,"column":0},"end":{"line":81,"column":2}},"21":{"start":{"line":76,"column":1},"end":{"line":76,"column":17}},"22":{"start":{"line":78,"column":1},"end":{"line":80,"column":4}},"23":{"start":{"line":79,"column":2},"end":{"line":79,"column":55}}},"branchMap":{"1":{"line":19,"type":"if","locations":[{"start":{"line":19,"column":1},"end":{"line":19,"column":1}},{"start":{"line":19,"column":1},"end":{"line":19,"column":1}}]},"2":{"line":26,"type":"if","locations":[{"start":{"line":26,"column":1},"end":{"line":26,"column":1}},{"start":{"line":26,"column":1},"end":{"line":26,"column":1}}]}},"code":["var PushBullet = require('../pushbullet');","","/**"," * Get a list of devices which can be pushed to."," *"," * The `options` parameter can use two attributes `cursor` and `limit`"," * to control the data returned."," *"," * - `active` is used to restrict the results to only active devices."," * - `cursor` is used to select the page if the results have been paginated."," * - `limit` is used to limit the number of objects in the reponse."," *"," * @param  {Object}   options  Optional options object."," * @param  {Function} callback Callback for when the request is complete."," */","PushBullet.prototype.devices = function devices(options, callback) 
[...]
:84,"column":5},"end":{"line":84,"column":5}},{"start":{"line":84,"column":5},"end":{"line":84,"column":5}}]},"9":{"line":85,"type":"if","locations":[{"start":{"line":85,"column":6},"end":{"line":85,"column":6}},{"start":{"line":85,"column":6},"end":{"line":85,"column":6}}]},"10":{"line":100,"type":"if","locations":[{"start":{"line":100,"column":4},"end":{"line":100,"column":4}},{"start":{"line":100,"column":4},"end":{"line":100,"column":4}}]},"11":{"line":130,"type":"if","locations":[{"start":{"line":130,"column":1},"end":{"line":130,"column":1}},{"start":{"line":130,"column":1},"end":{"line":130,"column":1}}]},"12":{"line":131,"type":"if","locations":[{"start":{"line":131,"column":2},"end":{"line":131,"column":2}},{"start":{"line":131,"column":2},"end":{"line":131,"column":2}}]},"13":{"line":139,"type":"if","locations":[{"start":{"line":139,"column":6},"end":{"line":139,"column":6}},{"start":{"line":139,"column":6},"end":{"line":139,"column":6}}]},"14":{"line":149,"type":"if","locations":[{"start":{"line":149,"column":6},"end":{"line":149,"column":6}},{"start":{"line":149,"column":6},"end":{"line":149,"column":6}}]},"15":{"line":177,"type":"if","locations":[{"start":{"line":177,"column":1},"end":{"line":177,"column":1}},{"start":{"line":177,"column":1},"end":{"line":177,"column":1}}]},"16":{"line":185,"type":"if","locations":[{"start":{"line":185,"column":1},"end":{"line":185,"column":1}},{"start":{"line":185,"column":1},"end":{"line":185,"column":1}}]},"17":{"line":189,"type":"if","locations":[{"start":{"line":189,"column":1},"end":{"line":189,"column":1}},{"start":{"line":189,"column":1},"end":{"line":189,"column":1}}]},"18":{"line":217,"type":"if","locations":[{"start":{"line":217,"column":1},"end":{"line":217,"column":1}},{"start":{"line":217,"column":1},"end":{"line":217,"column":1}}]}},"code":["var fs      = require('fs');","var http    = require('http');","var mime    = require('mime');","var path    = require('path');","var request = require('request');","","var PushBullet = require('../pushbullet');","","/**"," * Push a note to a device."," *"," * @param  {String}   deviceParams Push device parameters. See push()."," * @param  {String}   title        Title of note."," * @param  {String}   body         Body of note."," * @param  {Function} callback     Callback for when request is complete."," */","PushBullet.prototype.note = function note(deviceParams, title, body, callback) {","\tthis.push(deviceParams, {","\t\ttype: 'note',","\t\ttitle: title,","\t\tbody: body","\t}, callback);","};","","/**"," * Push a link to a device."," *"," * @param  {String}   deviceParams Push device parameters. See push()."," * @param  {String}   title        Name of address."," * @param  {String}   url          URL to push."," * @param  {Function} callback     Callback for when the request is complete."," */","PushBullet.prototype.link = function link(deviceParams, title, url, callback) {","\tthis.push(deviceParams, {","\t\ttype: 'link',","\t\ttitle: title,","\t\turl: url","\t}, callback);","};","","/**"," * Push a file to a device."," *"," * @param  {String}   deviceParams Push device parameters. See push()."," * @param  {String}   filePath     Path to file."," * @param  {String}   message      Optional message to send with file."," * @param  {Function} callback     Callback for when the request is complete."," */","PushBullet.prototype.file = function file(deviceParams, filePath, message, callback) {","\tvar self = this;","","\tif ( ! callback) {","\t\tcallback = message;","\t\tmessage = null;","\t}","","\tfs.stat(filePath, function(error, stats) {","\t\tif (error) {","\t\t\tif (typeof callback === 'function') {","\t\t\t\tcallback(error);","\t\t\t\treturn;","\t\t\t}","\t\t}","","\t\tvar fileName = path.basename(filePath);","\t\tvar fileType = mime.lookup(filePath);","","\t\tvar authOptions = {","\t\t\tqs: {","\t\t\t\tfile_name: fileName,","\t\t\t\tfile_type: fileType","\t\t\t}","\t\t};","","\t\tself.request.get(PushBullet.UPLOAD_END_POINT, authOptions, function(error, response, body) {","\t\t\tif (error || response.statusCode !== 200) {","\t\t\t\tself.handleError(error, response, body, callback);","\t\t\t\treturn;","\t\t\t}","","\t\t\t// Not posting to the API so not using `this.request`","\t\t\tvar req = request.post(body.upload_url, function(error, response) {","\t\t\t\tif (error || response.statusCode !== 204) {","\t\t\t\t\tif (typeof callback === 'function') {","\t\t\t\t\t\tif ( ! error) {","\t\t\t\t\t\t\terror = new Error(http.STATUS_CODES[response.statusCode]);","\t\t\t\t\t\t}","\t\t\t\t\t\tcallback(error);","\t\t\t\t\t}","\t\t\t\t\treturn;","\t\t\t\t}","","\t\t\t\tvar parameters = {","\t\t\t\t\ttype: 'file',","\t\t\t\t\tfile_name: fileName,","\t\t\t\t\tfile_type: fileType,","\t\t\t\t\tfile_url: body.file_url","\t\t\t\t};","","\t\t\t\tif (message) {","\t\t\t\t\tparameters.body = message;","\t\t\t\t}","","\t\t\t\tself.push(deviceParams, parameters, callback);","\t\t\t});","","\t\t\tvar form = req.form();","\t\t\tObject.keys(body.data).forEach(function(key) {","\t\t\t\tform.append(key, body.data[key]);","\t\t\t});","\t\t\tvar stream = fs.createReadStream(filePath);","\t\t\tform.append('file', stream);","","\t\t});","\t});","","};","","/**"," * Push 'something' to a device."," *"," * @param  {Mixed}    deviceParams Device parameters."," * @param  {Object}   bullet       Request parameters as described on https://www.pushbullet.com/api"," * @param  {Function} callback     Callback for when the request is complete."," */","PushBullet.prototype.push = function push(deviceParams, bullet, callback) {","\tvar self = this;","","\t// If deviceParams is a string it could be a contact email or device iden.","\tif (typeof deviceParams === 'string') {","\t\tif (deviceParams.indexOf('@') !== -1) {","\t\t\tbullet.email = deviceParams;","\t\t}","\t\telse {","\t\t\tbullet.device_iden = deviceParams;","\t\t}","\t}","\t// If it's a number it's an old style device id.","\telse if (typeof deviceParams === 'number') {","\t\tbullet.device_id = deviceParams;","\t}","\t// If it's an object assume it defines a property of","\t// - device_id","\t// - device_iden","\t// - email","\t// - channel_tag","\t// - client_iden","\t// and optionally source_device_iden","\telse if (typeof deviceParams === 'object') {","\t\tfor (var param in deviceParams) {","\t\t\tbullet[param] = deviceParams[param];","\t\t}","\t}","","\tvar req = self.request.post(PushBullet.PUSH_END_POINT, { json: bullet }, function(error, response, body) {","\t\tself.handleResponse(error, response, body, callback);","\t});","};","","/**"," * Get the push history."," *"," * The `options` parameter can use three attributes `cursor`, `limit`"," * and `modified_after` to control the data returned."," *"," * - `active` is used to only select undeleted pushes."," * - `cursor` is used to select the page if the results have been paginated."," * - `limit` is used to limit the number of objects in the reponse."," * - `modified_after` should be a timestamp."," *"," * @param  {Object}   options  Optional options object."," * @param  {Function} callback Called when the request is complete."," */","PushBullet.prototype.history = function history(options, callback) {","\tvar self = this;","","\tif ( ! callback) {","\t\tcallback = options;","\t\toptions = {","\t\t\tactive: true,","\t\t\tmodified_after: 0","\t\t};","\t}","","\tif (options.active === undefined) {","\t\toptions.active = true;","\t}","","\tif (options.modified_after === undefined) {","\t\toptions.modified_after = 0;","\t}","","\tself.getList(PushBullet.PUSH_END_POINT, options, callback);","};","","/**"," * Dismiss a push."," *"," * @param  {String}   pushIden Push IDEN of the push to update."," * @param  {Object}   updates  Updates to make to push."," * @param  {Function} callback Called when the request is complete."," */","PushBullet.prototype.dismissPush = function dismissPush(pushIden, callback) {","\tthis.updatePush(pushIden, { dismissed: true }, callback);","};","","/**"," * Update a push."," *"," * @param  {String}   pushIden Push IDEN of the push to update."," * @param  {Object}   updates  Updates to make to push."," * @param  {Function} callback Called when the request is complete."," */","PushBullet.prototype.updatePush = function updatePush(pushIden, updates, callback) {","\tvar self = this;","","\tif ( ! callback) {","\t\tcallback = updates;","\t}","","\tvar options = {","\t\tjson: updates","\t};","","\tself.request.post(PushBullet.PUSH_END_POINT + '/' + pushIden, options, function(error, response, body) {","\t\tself.handleResponse(error, response, body, callback);","\t});","};","","/**"," * Delete a push."," *"," * @param  {String}   pushIden Push IDEN of the push to delete."," * @param  {Function} callback Called when the request is complete."," */","PushBullet.prototype.deletePush = function deletePush(pushIden, callback) {","\tvar self = this;","","\tself.request.del(PushBullet.PUSH_END_POINT + '/' + pushIden, function(error, response, body) {","\t\tself.handleResponse(error, response, body, callback);","\t});","};","","/**"," * Delete all pushes belonging to the current user."," *"," * @param  {Function} callback Called when the request is complete."," */","PushBullet.prototype.deleteAllPushes = function deleteAllPushes(callback) {","\tvar self = this;","","\tself.request.del(PushBullet.PUSH_END_POINT, function(error, response, body) {","\t\tself.handleResponse(error, response, body, callback);","\t});","};",""],"l":{"1":1,"2":1,"3":1,"4":1,"5":1,"7":1,"17":1,"18":0,"33":1,"34":0,"49":1,"50":0,"52":0,"53":0,"54":0,"57":0,"58":0,"59":0,"60":0,"61":0,"65":0,"66":0,"68":0,"75":0,"76":0,"77":0,"78":0,"82":0,"83":0,"84":0,"85":0,"86":0,"88":0,"90":0,"93":0,"100":0,"101":0,"104":0,"107":0,"108":0,"109":0,"111":0,"112":0,"126":1,"127":0,"130":0,"131":0,"132":0,"135":0,"139":0,"140":0,"149":0,"150":0,"151":0,"155":0,"156":0,"174":1,"175":0,"177":0,"178":0,"179":0,"185":0,"186":0,"189":0,"190":0,"193":0,"203":1,"204":0,"214":1,"215":0,"217":0,"218":0,"221":0,"225":0,"226":0,"236":1,"237":0,"239":0,"240":0,"249":1,"250":0,"252":0,"253":0}},"/home/travis/build/npmtest/node-npmtest-pushbullet/node_modules/pushbullet/lib/internal/subscriptions.js":{"path":"/home/travis/build/npmtest/node-npmtest-pushbullet/node_modules/pushbullet/lib/internal/subscriptions.js","s":{"1":1,"2":1,"3":0,"4":0,"5":0,"6":0,"7":0,"8":0,"9":0,"10":1,"11":0,"12":0,"13":0,"14":0,"15":1,"16":0,"17":0,"18":0,"19":1,"20":0,"21":1,"22":0,"23":1,"24":0,"25":0,"26":0,"27":0,"28":0,"29":0,"30":1,"31":0,"32":0,"33":0,"34":0},"b":{"1":[0,0],"2":[0,0],"3":[0,0]},"f":{"1":0,"2":0,"3":0,"4":0,"5":0,"6":0,"7":0,"8":0,"9":0,"10":0,"11":0},"fnMap":{"1":{"name":"subscriptions","line":9,"loc":{"start":{"line":9,"column":37},"end":{"line":9,"column":79}}},"2":{"name":"subscribe","line":32,"loc":{"start":{"line":32,"column":33},"end":{"line":32,"column":74}}},"3":{"name":"(anonymous_3)","line":41,"loc":{"start":{"line":41,"column":55},"end":{"line":41,"column":87}}},"4":{"name":"unsubscribe","line":52,"loc":{"start":{"line":52,"column":35},"end":{"line":52,"column":84}}},"5":{"name":"(anonymous_5)","line":55,"loc":{"start":{"line":55,"column":71},"end":{"line":55,"column":103}}},"6":{"name":"muteSubscription","line":66,"loc":{"start":{"line":66,"column":40},"end":{"line":66,"column":94}}},"7":{"name":"unmuteSubscription","line":76,"loc":{"start":{"line":76,"column":42},"end":{"line":76,"column":98}}},"8":{"name":"updateSubscription","line":87,"loc":{"start":{"line":87,"column":42},"end":{"line":87,"column":107}}},"9":{"name":"(anonymous_9)","line":98,"loc":{"start":{"line":98,"column":80},"end":{"line":98,"column":112}}},"10":{"name":"channelInfo","line":109,"loc":{"start":{"line":109,"column":35},"end":{"line":109,"column":78}}},"11":{"name":"(anonymous_11)","line":118,"loc":{"start":{"line":118,"column":58},"end":{"line":118,"column":90}}}},"statementMap":{"1":{"start":{"line":1,"column":0},"end":{"line":1,"column":42}},"2":{"start":{"line":9,"column":0},"end":{"line":24,"column":2}},"3":{"start":{"line":10,"column":1},"end":{"line":10,"column":17}},"4":{"start":{"line":12,"column":1},"end":{"line":17,"column":2}},"5":{"start":{"line":13,"column":2},"end":{"line":13,"column":21}},"6":{"start":{"line":14,"column":2},"end":{"line":16,"column":4}},"7":{"start":{"line":19,"column":1},"end":{"line":21,"column":2}},"8":{"start":{"line":20,"column":2},"end":{"line":20,"column":24}},"9":{"start":{"line":23,"column":1},"end":{"line":23,"column":60}},"10":{"start":{"line":32,"column":0},"end":{"line":44,"column":2}},"11":{"start":{"line":33,"column":1},"end":{"line":33,"column":17}},"12":{"start":{"line":35,"column":1},"end":{"line":39,"column":3}},"13":{"start":{"line":41,"column":1},"end":{"line":43,"column":4}},"14":{"start":{"line":42,"column":2},"end":{"line":42,"column":55}},"15":{"start":{"line":52,"column":0},"end":{"line":58,"column":2}},"16":{"start":{"line":53,"column":1},"end":{"line":53,"column":17}},"17":{"start":{"line":55,"column":1},"end":{"line":57,"column":4}},"18":{"start":{"line":56,"column":2},"end":{"line":56,"column":55}},"19":{"start":{"line":66,"column":0},"end":{"line":68,"column":2}},"20":{"start":{"line":67,"column":1},"end":{"line":67,"column":70}},"21":{"start":{"line":76,"column":0},"end":{"line":78,"column":2}},"22":{"start":{"line":77,"column":1},"end":{"line":77,"column":71}},"23":{"start":{"line":87,"column":0},"end":{"line":101,"column":2}},"24":{"start":{"line":88,"column":1},"end":{"line":88,"column":17}},"25":{"start":{"line":90,"column":1},"end":{"line":92,"column":2}},"26":{"start":{"line":91,"column":2},"end":{"line":91,"column":21}},"27":{"start":{"line":94,"column":1},"end":{"line":96,"column":3}},"28":{"start":{"line":98,"column":1},"end":{"line":100,"column":4}},"29":{"start":{"line":99,"column":2},"end":{"line":99,"column":55}},"30":{"start":{"line":109,"column":0},"end":{"line":121,"column":2}},"31":{"start":{"line":110,"column":1},"end":{"line":110,"column":17}},"32":{"start":{"line":112,"column":1},"end":{"line":116,"column":3}},"33":{"start":{"line":118,"column":1},"end":{"line":120,"column":4}},"34":{"start":{"line":119,"column":2},"end":{"line":119,"column":55}}},"branchMap":{"1":{"line":12,"type":"if","locations":[{"start":{"line":12,"column":1},"end":{"line":12,"column":1}},{"start":{"line":12,"column":1},"end":{"line":12,"column":1}}]},"2":{"line":19,"type":"if","locations":[{"start":{"line":19,"column":1},"end":{"line":19,"column":1}},{"start":{"line":19,"column":1},"end":{"line":19,"column":1}}]},"3":{"line":90,"type":"if","locations":[{"start":{"line":90,"column":1},"end":{"line":90,"column":1}},{"start":{"line":90,"column":1},"end":{"line":90,"column":1}}]}},"code":["var PushBullet = require('../pushbullet');","","/**"," * Get a list of current subscriptions."," *"," * @param  {Object}   options  Optional options object."," * @param  {Function} callback Called when the request is complete."," */","PushBullet.prototype.subscriptions = function subscriptions(options, callback) {","\tvar self = this;","","\tif ( ! callback) {","\t\tcallback = options;","\t\toptions = {","\t\t\tactive: true","\t\t};","\t}","","\tif (options.active === undefined) {","\t\toptions.active = true;","\t}","","\tself.getList(PushBullet.SUBS_END_POINT, options, callback);","};","","/**"," * Subscribe to a channel."," *"," * @param {String}   channelTag The tag of the channel to subscribe to."," * @param {Function} callback   Called when the request is complete."," */","PushBullet.prototype.subscribe = function subscribe(channelTag, callback) {","\tvar self = this;","","\tvar options = {","\t\tjson: {","\t\t\tchannel_tag: channelTag","\t\t}","\t};","","\tself.request.post(PushBullet.SUBS_END_POINT, options, function(error, response, body) {","\t\tself.handleResponse(error, response, body, callback);","\t});","};","","/**"," * Unsubscribe from a channel."," *"," * @param {String}   subscriptionIden The iden of the subscription to ubsubscribe from."," * @param {Function} callback         Called when the request is complete."," */","PushBullet.prototype.unsubscribe = function unsubscribe(subscriptionIden, callback) {","\tvar self = this;","","\tself.request.post(PushBullet.SUBS_END_POINT + '/' + subscriptionIden, function(error, response, body) {","\t\tself.handleResponse(error, response, body, callback);","\t});","};","","/**"," * Mute a subscription."," *"," * @param {String}   subscriptionIden The iden of the subscription to mute."," * @param {Function} callback         Called when the request is complete."," */","PushBullet.prototype.muteSubscription = function muteSubscription(subscriptionIden, callback) {","\tthis.updateSubscription(subscriptionIden, { muted: true }, callback);","};","","/**"," * Unmute subscription."," *"," * @param {String}   subscriptionIden The iden of the subscription to unmute."," * @param {Function} callback         Called when the request is complete."," */","PushBullet.prototype.unmuteSubscription = function unmuteSubscription(subscriptionIden, callback) {","\tthis.updateSubscription(subscriptionIden, { muted: false }, callback);","};","","/**"," * Update a subscription."," *"," * @param {String}   subscriptionIden The iden of the subscription to ubsubscribe from."," * @param {Object}   updates          Updates to make to subscription."," * @param {Function} callback         Called when the request is complete."," */","PushBullet.prototype.updateSubscription = function updateSubscription(subscriptionIden, updates, callback) {","\tvar self = this;","","\tif ( ! callback) {","\t\tcallback = updates;","\t}","","\tvar options = {","\t\tjson: updates","\t};","","\tself.request.post(PushBullet.SUBS_END_POINT + '/' + subscriptionIden, options, function(error, response, body) {","\t\tself.handleResponse(error, response, body, callback);","\t});","};","","/**"," * Get information about a channel."," *"," * @param {String}   channelTag The tag of the channel to get information about."," * @param {Function} callback   Called when the request is complete."," */","PushBullet.prototype.channelInfo = function channelInfo(channelTag, callback) {","\tvar self = this;","","\tvar options = {","\t\tqs: {","\t\t\ttag: channelTag","\t\t}","\t};","","\tself.request.get(PushBullet.CHANNELS_END_POINT, options, function(error, response, body) {","\t\tself.handleResponse(error, response, body, callback);","\t});","};",""],"l":{"1":1,"9":1,"10":0,"12":0,"13":0,"14":0,"19":0,"20":0,"23":0,"32":1,"33":0,"35":0,"41":0,"42":0,"52":1,"53":0,"55":0,"56":0,"66":1,"67":0,"76":1,"77":0,"87":1,"88":0,"90":0,"91":0,"94":0,"98":0,"99":0,"109":1,"110":0,"112":0,"118":0,"119":0}},"/home/travis/build/npmtest/node-npmtest-pushbullet/node_modules/pushbullet/lib/internal/users.js":{"path":"/home/travis/build/npmtest/node-npmtest-pushbullet/node_modules/pushbullet/lib/internal/users.js","s":{"1":1,"2":1,"3":0,"4":0,"5":0},"b":{},"f":{"1":0,"2":0},"fnMap":{"1":{"name":"me","line":8,"loc":{"start":{"line":8,"column":26},"end":{"line":8,"column":48}}},"2":{"name":"(anonymous_2)","line":11,"loc":{"start":{"line":11,"column":54},"end":{"line":11,"column":86}}}},"statementMap":{"1":{"start":{"line":1,"column":0},"end":{"line":1,"column":42}},"2":{"start":{"line":8,"column":0},"end":{"line":14,"column":2}},"3":{"start":{"line":9,"column":1},"end":{"line":9,"column":17}},"4":{"start":{"line":11,"column":1},"end":{"line":13,"column":4}},"5":{"start":{"line":12,"column":2},"end":{"line":12,"column":55}}},"branchMap":{},"code":["var PushBullet = require('../pushbullet');","","/**"," * Get information for the current user."," *"," * @param  {Function} callback Callback for when the request is complete."," */","PushBullet.prototype.me = function me(callback) {","\tvar self = this;","","\tself.request.get(PushBullet.USERS_END_POINT + '/me', function(error, response, body) {","\t\tself.handleResponse(error, response, body, callback);","\t});","};",""],"l":{"1":1,"8":1,"9":0,"11":0,"12":0}}}